<?xml version="1.0" encoding="UTF-8" ?>
<testsuites name="vitest tests" tests="192" failures="0" errors="0" time="3.375">
    <testsuite name="L1-tenant-isolation/tenant-isolation.test.ts" timestamp="2026-07-27T03:28:53.967Z" hostname="ip-10-0-1-222.ap-south-1.compute.internal" tests="57" failures="0" errors="0" skipped="0" time="1.518151009">
        <testcase classname="L1-tenant-isolation/tenant-isolation.test.ts" name="L1 — Tenant Isolation: Cross-tenant data access &gt; gateway is reachable" time="0.054747986">
        </testcase>
        <testcase classname="L1-tenant-isolation/tenant-isolation.test.ts" name="L1 — Tenant Isolation: Cross-tenant data access &gt; Cross-tenant GET isolation (T_A reads T_B endpoints) &gt; finance sanctions: Tenant B token on Tenant A-scoped data returns empty or 200 with no cross-tenant data" time="0.037240805">
        </testcase>
        <testcase classname="L1-tenant-isolation/tenant-isolation.test.ts" name="L1 — Tenant Isolation: Cross-tenant data access &gt; Cross-tenant GET isolation (T_A reads T_B endpoints) &gt; finance bills: Tenant B token on Tenant A-scoped data returns empty or 200 with no cross-tenant data" time="0.031617645">
        </testcase>
        <testcase classname="L1-tenant-isolation/tenant-isolation.test.ts" name="L1 — Tenant Isolation: Cross-tenant data access &gt; Cross-tenant GET isolation (T_A reads T_B endpoints) &gt; finance advances: Tenant B token on Tenant A-scoped data returns empty or 200 with no cross-tenant data" time="0.054947273">
        </testcase>
        <testcase classname="L1-tenant-isolation/tenant-isolation.test.ts" name="L1 — Tenant Isolation: Cross-tenant data access &gt; Cross-tenant GET isolation (T_A reads T_B endpoints) &gt; finance journals: Tenant B token on Tenant A-scoped data returns empty or 200 with no cross-tenant data" time="0.030491235">
        </testcase>
        <testcase classname="L1-tenant-isolation/tenant-isolation.test.ts" name="L1 — Tenant Isolation: Cross-tenant data access &gt; Cross-tenant GET isolation (T_A reads T_B endpoints) &gt; finance budgets: Tenant B token on Tenant A-scoped data returns empty or 200 with no cross-tenant data" time="0.08447561">
        </testcase>
        <testcase classname="L1-tenant-isolation/tenant-isolation.test.ts" name="L1 — Tenant Isolation: Cross-tenant data access &gt; Cross-tenant GET isolation (T_A reads T_B endpoints) &gt; finance statements: Tenant B token on Tenant A-scoped data returns empty or 200 with no cross-tenant data" time="0.03163148">
        </testcase>
        <testcase classname="L1-tenant-isolation/tenant-isolation.test.ts" name="L1 — Tenant Isolation: Cross-tenant data access &gt; Cross-tenant GET isolation (T_A reads T_B endpoints) &gt; finance UCs: Tenant B token on Tenant A-scoped data returns empty or 200 with no cross-tenant data" time="0.019170578">
        </testcase>
        <testcase classname="L1-tenant-isolation/tenant-isolation.test.ts" name="L1 — Tenant Isolation: Cross-tenant data access &gt; Cross-tenant GET isolation (T_A reads T_B endpoints) &gt; hrms employees: Tenant B token on Tenant A-scoped data returns empty or 200 with no cross-tenant data" time="0.046602992">
        </testcase>
        <testcase classname="L1-tenant-isolation/tenant-isolation.test.ts" name="L1 — Tenant Isolation: Cross-tenant data access &gt; Cross-tenant GET isolation (T_A reads T_B endpoints) &gt; hrms leave requests: Tenant B token on Tenant A-scoped data returns empty or 200 with no cross-tenant data" time="0.022480994">
        </testcase>
        <testcase classname="L1-tenant-isolation/tenant-isolation.test.ts" name="L1 — Tenant Isolation: Cross-tenant data access &gt; Cross-tenant GET isolation (T_A reads T_B endpoints) &gt; hrms attendance: Tenant B token on Tenant A-scoped data returns empty or 200 with no cross-tenant data" time="0.023154292">
        </testcase>
        <testcase classname="L1-tenant-isolation/tenant-isolation.test.ts" name="L1 — Tenant Isolation: Cross-tenant data access &gt; Cross-tenant GET isolation (T_A reads T_B endpoints) &gt; hrms appraisals: Tenant B token on Tenant A-scoped data returns empty or 200 with no cross-tenant data" time="0.020089358">
        </testcase>
        <testcase classname="L1-tenant-isolation/tenant-isolation.test.ts" name="L1 — Tenant Isolation: Cross-tenant data access &gt; Cross-tenant GET isolation (T_A reads T_B endpoints) &gt; procurement indents: Tenant B token on Tenant A-scoped data returns empty or 200 with no cross-tenant data" time="0.034316786">
        </testcase>
        <testcase classname="L1-tenant-isolation/tenant-isolation.test.ts" name="L1 — Tenant Isolation: Cross-tenant data access &gt; Cross-tenant GET isolation (T_A reads T_B endpoints) &gt; procurement vendors: Tenant B token on Tenant A-scoped data returns empty or 200 with no cross-tenant data" time="0.012652844">
        </testcase>
        <testcase classname="L1-tenant-isolation/tenant-isolation.test.ts" name="L1 — Tenant Isolation: Cross-tenant data access &gt; Cross-tenant GET isolation (T_A reads T_B endpoints) &gt; procurement RFQs: Tenant B token on Tenant A-scoped data returns empty or 200 with no cross-tenant data" time="0.017387773">
        </testcase>
        <testcase classname="L1-tenant-isolation/tenant-isolation.test.ts" name="L1 — Tenant Isolation: Cross-tenant data access &gt; Cross-tenant GET isolation (T_A reads T_B endpoints) &gt; procurement GRNs: Tenant B token on Tenant A-scoped data returns empty or 200 with no cross-tenant data" time="0.027657801">
        </testcase>
        <testcase classname="L1-tenant-isolation/tenant-isolation.test.ts" name="L1 — Tenant Isolation: Cross-tenant data access &gt; Cross-tenant GET isolation (T_A reads T_B endpoints) &gt; procurement tenders: Tenant B token on Tenant A-scoped data returns empty or 200 with no cross-tenant data" time="0.030360035">
        </testcase>
        <testcase classname="L1-tenant-isolation/tenant-isolation.test.ts" name="L1 — Tenant Isolation: Cross-tenant data access &gt; Cross-tenant GET isolation (T_A reads T_B endpoints) &gt; citizen tickets: Tenant B token on Tenant A-scoped data returns empty or 200 with no cross-tenant data" time="0.054251862">
        </testcase>
        <testcase classname="L1-tenant-isolation/tenant-isolation.test.ts" name="L1 — Tenant Isolation: Cross-tenant data access &gt; Cross-tenant GET isolation (T_A reads T_B endpoints) &gt; citizen requests: Tenant B token on Tenant A-scoped data returns empty or 200 with no cross-tenant data" time="0.013964257">
        </testcase>
        <testcase classname="L1-tenant-isolation/tenant-isolation.test.ts" name="L1 — Tenant Isolation: Cross-tenant data access &gt; Cross-tenant GET isolation (T_A reads T_B endpoints) &gt; citizen RTI: Tenant B token on Tenant A-scoped data returns empty or 200 with no cross-tenant data" time="0.012660754">
        </testcase>
        <testcase classname="L1-tenant-isolation/tenant-isolation.test.ts" name="L1 — Tenant Isolation: Cross-tenant data access &gt; Cross-tenant GET isolation (T_A reads T_B endpoints) &gt; legal cases: Tenant B token on Tenant A-scoped data returns empty or 200 with no cross-tenant data" time="0.031307746">
        </testcase>
        <testcase classname="L1-tenant-isolation/tenant-isolation.test.ts" name="L1 — Tenant Isolation: Cross-tenant data access &gt; Cross-tenant GET isolation (T_A reads T_B endpoints) &gt; legal hearings: Tenant B token on Tenant A-scoped data returns empty or 200 with no cross-tenant data" time="0.02970999">
        </testcase>
        <testcase classname="L1-tenant-isolation/tenant-isolation.test.ts" name="L1 — Tenant Isolation: Cross-tenant data access &gt; Cross-tenant GET isolation (T_A reads T_B endpoints) &gt; legal court orders: Tenant B token on Tenant A-scoped data returns empty or 200 with no cross-tenant data" time="0.016168897">
        </testcase>
        <testcase classname="L1-tenant-isolation/tenant-isolation.test.ts" name="L1 — Tenant Isolation: Cross-tenant data access &gt; Cross-tenant GET isolation (T_A reads T_B endpoints) &gt; assets: Tenant B token on Tenant A-scoped data returns empty or 200 with no cross-tenant data" time="0.030614854">
        </testcase>
        <testcase classname="L1-tenant-isolation/tenant-isolation.test.ts" name="L1 — Tenant Isolation: Cross-tenant data access &gt; Cross-tenant GET isolation (T_A reads T_B endpoints) &gt; asset maintenance: Tenant B token on Tenant A-scoped data returns empty or 200 with no cross-tenant data" time="0.01385517">
        </testcase>
        <testcase classname="L1-tenant-isolation/tenant-isolation.test.ts" name="L1 — Tenant Isolation: Cross-tenant data access &gt; Cross-tenant GET isolation (T_A reads T_B endpoints) &gt; stock items: Tenant B token on Tenant A-scoped data returns empty or 200 with no cross-tenant data" time="0.032898863">
        </testcase>
        <testcase classname="L1-tenant-isolation/tenant-isolation.test.ts" name="L1 — Tenant Isolation: Cross-tenant data access &gt; Cross-tenant GET isolation (T_A reads T_B endpoints) &gt; stock ledger: Tenant B token on Tenant A-scoped data returns empty or 200 with no cross-tenant data" time="0.0114566">
        </testcase>
        <testcase classname="L1-tenant-isolation/tenant-isolation.test.ts" name="L1 — Tenant Isolation: Cross-tenant data access &gt; Cross-tenant GET isolation (T_A reads T_B endpoints) &gt; projects: Tenant B token on Tenant A-scoped data returns empty or 200 with no cross-tenant data" time="0.047389447">
        </testcase>
        <testcase classname="L1-tenant-isolation/tenant-isolation.test.ts" name="L1 — Tenant Isolation: Cross-tenant data access &gt; Cross-tenant GET isolation (T_A reads T_B endpoints) &gt; project milestones: Tenant B token on Tenant A-scoped data returns empty or 200 with no cross-tenant data" time="0.011487755">
        </testcase>
        <testcase classname="L1-tenant-isolation/tenant-isolation.test.ts" name="L1 — Tenant Isolation: Cross-tenant data access &gt; Cross-tenant GET isolation (T_A reads T_B endpoints) &gt; grants: Tenant B token on Tenant A-scoped data returns empty or 200 with no cross-tenant data" time="0.027203933">
        </testcase>
        <testcase classname="L1-tenant-isolation/tenant-isolation.test.ts" name="L1 — Tenant Isolation: Cross-tenant data access &gt; Cross-tenant GET isolation (T_A reads T_B endpoints) &gt; grantees: Tenant B token on Tenant A-scoped data returns empty or 200 with no cross-tenant data" time="0.012287412">
        </testcase>
        <testcase classname="L1-tenant-isolation/tenant-isolation.test.ts" name="L1 — Tenant Isolation: Cross-tenant data access &gt; Cross-tenant GET isolation (T_A reads T_B endpoints) &gt; grant installments: Tenant B token on Tenant A-scoped data returns empty or 200 with no cross-tenant data" time="0.01152101">
        </testcase>
        <testcase classname="L1-tenant-isolation/tenant-isolation.test.ts" name="L1 — Tenant Isolation: Cross-tenant data access &gt; Cross-tenant GET isolation (T_A reads T_B endpoints) &gt; CRM contacts: Tenant B token on Tenant A-scoped data returns empty or 200 with no cross-tenant data" time="0.031963747">
        </testcase>
        <testcase classname="L1-tenant-isolation/tenant-isolation.test.ts" name="L1 — Tenant Isolation: Cross-tenant data access &gt; Cross-tenant GET isolation (T_A reads T_B endpoints) &gt; CRM deals: Tenant B token on Tenant A-scoped data returns empty or 200 with no cross-tenant data" time="0.017183365">
        </testcase>
        <testcase classname="L1-tenant-isolation/tenant-isolation.test.ts" name="L1 — Tenant Isolation: Cross-tenant data access &gt; Cross-tenant GET isolation (T_A reads T_B endpoints) &gt; estab files: Tenant B token on Tenant A-scoped data returns empty or 200 with no cross-tenant data" time="0.027966306">
        </testcase>
        <testcase classname="L1-tenant-isolation/tenant-isolation.test.ts" name="L1 — Tenant Isolation: Cross-tenant data access &gt; Cross-tenant GET isolation (T_A reads T_B endpoints) &gt; estab meetings: Tenant B token on Tenant A-scoped data returns empty or 200 with no cross-tenant data" time="0.01071881">
        </testcase>
        <testcase classname="L1-tenant-isolation/tenant-isolation.test.ts" name="L1 — Tenant Isolation: Cross-tenant data access &gt; Cross-tenant GET isolation (T_A reads T_B endpoints) &gt; contracts: Tenant B token on Tenant A-scoped data returns empty or 200 with no cross-tenant data" time="0.030760421">
        </testcase>
        <testcase classname="L1-tenant-isolation/tenant-isolation.test.ts" name="L1 — Tenant Isolation: Cross-tenant data access &gt; Cross-tenant GET isolation (T_A reads T_B endpoints) &gt; audit observations: Tenant B token on Tenant A-scoped data returns empty or 200 with no cross-tenant data" time="0.010406005">
        </testcase>
        <testcase classname="L1-tenant-isolation/tenant-isolation.test.ts" name="L1 — Tenant Isolation: Cross-tenant data access &gt; Cross-tenant GET isolation (T_A reads T_B endpoints) &gt; audit risks: Tenant B token on Tenant A-scoped data returns empty or 200 with no cross-tenant data" time="0.011983329">
        </testcase>
        <testcase classname="L1-tenant-isolation/tenant-isolation.test.ts" name="L1 — Tenant Isolation: Cross-tenant data access &gt; Cross-tenant GET isolation (T_A reads T_B endpoints) &gt; workflow instances: Tenant B token on Tenant A-scoped data returns empty or 200 with no cross-tenant data" time="0.026350647">
        </testcase>
        <testcase classname="L1-tenant-isolation/tenant-isolation.test.ts" name="L1 — Tenant Isolation: Cross-tenant data access &gt; Cross-tenant GET isolation (T_A reads T_B endpoints) &gt; knowledge docs: Tenant B token on Tenant A-scoped data returns empty or 200 with no cross-tenant data" time="0.004502073">
        </testcase>
        <testcase classname="L1-tenant-isolation/tenant-isolation.test.ts" name="L1 — Tenant Isolation: Cross-tenant data access &gt; Cross-tenant GET isolation (T_A reads T_B endpoints) &gt; analytics dashboards: Tenant B token on Tenant A-scoped data returns empty or 200 with no cross-tenant data" time="0.026235652">
        </testcase>
        <testcase classname="L1-tenant-isolation/tenant-isolation.test.ts" name="L1 — Tenant Isolation: Cross-tenant data access &gt; Cross-tenant GET isolation (T_A reads T_B endpoints) &gt; inventory items: Tenant B token on Tenant A-scoped data returns empty or 200 with no cross-tenant data" time="0.028856047">
        </testcase>
        <testcase classname="L1-tenant-isolation/tenant-isolation.test.ts" name="L1 — Tenant Isolation: Cross-tenant data access &gt; Auth enforcement: No token → 401 &gt; finance sanctions: no auth → 401" time="0.001794367">
        </testcase>
        <testcase classname="L1-tenant-isolation/tenant-isolation.test.ts" name="L1 — Tenant Isolation: Cross-tenant data access &gt; Auth enforcement: No token → 401 &gt; finance bills: no auth → 401" time="0.001598633">
        </testcase>
        <testcase classname="L1-tenant-isolation/tenant-isolation.test.ts" name="L1 — Tenant Isolation: Cross-tenant data access &gt; Auth enforcement: No token → 401 &gt; finance advances: no auth → 401" time="0.001402514">
        </testcase>
        <testcase classname="L1-tenant-isolation/tenant-isolation.test.ts" name="L1 — Tenant Isolation: Cross-tenant data access &gt; Auth enforcement: No token → 401 &gt; finance journals: no auth → 401" time="0.00172674">
        </testcase>
        <testcase classname="L1-tenant-isolation/tenant-isolation.test.ts" name="L1 — Tenant Isolation: Cross-tenant data access &gt; Auth enforcement: No token → 401 &gt; finance budgets: no auth → 401" time="0.001418719">
        </testcase>
        <testcase classname="L1-tenant-isolation/tenant-isolation.test.ts" name="L1 — Tenant Isolation: Cross-tenant data access &gt; Auth enforcement: No token → 401 &gt; finance statements: no auth → 401" time="0.001372639">
        </testcase>
        <testcase classname="L1-tenant-isolation/tenant-isolation.test.ts" name="L1 — Tenant Isolation: Cross-tenant data access &gt; Auth enforcement: No token → 401 &gt; finance UCs: no auth → 401" time="0.001489628">
        </testcase>
        <testcase classname="L1-tenant-isolation/tenant-isolation.test.ts" name="L1 — Tenant Isolation: Cross-tenant data access &gt; Auth enforcement: No token → 401 &gt; hrms employees: no auth → 401" time="0.00128911">
        </testcase>
        <testcase classname="L1-tenant-isolation/tenant-isolation.test.ts" name="L1 — Tenant Isolation: Cross-tenant data access &gt; Auth enforcement: No token → 401 &gt; hrms leave requests: no auth → 401" time="0.00151106">
        </testcase>
        <testcase classname="L1-tenant-isolation/tenant-isolation.test.ts" name="L1 — Tenant Isolation: Cross-tenant data access &gt; Auth enforcement: No token → 401 &gt; hrms attendance: no auth → 401" time="0.001415684">
        </testcase>
        <testcase classname="L1-tenant-isolation/tenant-isolation.test.ts" name="L1 — Tenant Isolation: Cross-tenant data access &gt; Cross-tenant write isolation &gt; POST to finance/bills with wrong tenant token → data isolated" time="0.028315304">
        </testcase>
        <testcase classname="L1-tenant-isolation/tenant-isolation.test.ts" name="L1 — Tenant Isolation: Cross-tenant data access &gt; Cross-tenant write isolation &gt; POST to hrms/employees: cross-tenant creation stays isolated" time="0.013744547">
        </testcase>
        <testcase classname="L1-tenant-isolation/tenant-isolation.test.ts" name="L1 — Tenant Isolation: JWT tenant enforcement &gt; token without tid claim → 401" time="0.006631309">
        </testcase>
        <testcase classname="L1-tenant-isolation/tenant-isolation.test.ts" name="L1 — Tenant Isolation: JWT tenant enforcement &gt; expired token → 401" time="0.003164438">
        </testcase>
    </testsuite>
    <testsuite name="L2-authz-bola/authz-matrix.test.ts" timestamp="2026-07-27T03:28:53.987Z" hostname="ip-10-0-1-222.ap-south-1.compute.internal" tests="44" failures="0" errors="0" skipped="0" time="1.125742342">
        <testcase classname="L2-authz-bola/authz-matrix.test.ts" name="L2 — Authorization Matrix: Allowed roles get 200 &gt; GET /api/v1/finance/bills — finance_officer → 200" time="0.135013256">
        </testcase>
        <testcase classname="L2-authz-bola/authz-matrix.test.ts" name="L2 — Authorization Matrix: Allowed roles get 200 &gt; GET /api/v1/finance/bills — finance_admin → 200" time="0.027629855">
        </testcase>
        <testcase classname="L2-authz-bola/authz-matrix.test.ts" name="L2 — Authorization Matrix: Allowed roles get 200 &gt; GET /api/v1/finance/bills — super_admin → 200" time="0.025649477">
        </testcase>
        <testcase classname="L2-authz-bola/authz-matrix.test.ts" name="L2 — Authorization Matrix: Allowed roles get 200 &gt; GET /api/v1/finance/sanctions — finance_officer → 200" time="0.039537917">
        </testcase>
        <testcase classname="L2-authz-bola/authz-matrix.test.ts" name="L2 — Authorization Matrix: Allowed roles get 200 &gt; GET /api/v1/finance/sanctions — finance_admin → 200" time="0.043658124">
        </testcase>
        <testcase classname="L2-authz-bola/authz-matrix.test.ts" name="L2 — Authorization Matrix: Allowed roles get 200 &gt; GET /api/v1/finance/sanctions — super_admin → 200" time="0.035717141">
        </testcase>
        <testcase classname="L2-authz-bola/authz-matrix.test.ts" name="L2 — Authorization Matrix: Allowed roles get 200 &gt; GET /api/v1/finance/sanctions — procurement_officer → 200" time="0.026473117">
        </testcase>
        <testcase classname="L2-authz-bola/authz-matrix.test.ts" name="L2 — Authorization Matrix: Allowed roles get 200 &gt; GET /api/v1/finance/sanctions — audit_officer → 200" time="0.020610155">
        </testcase>
        <testcase classname="L2-authz-bola/authz-matrix.test.ts" name="L2 — Authorization Matrix: Allowed roles get 200 &gt; GET /api/v1/finance/journals — finance_officer → 200" time="0.027959488">
        </testcase>
        <testcase classname="L2-authz-bola/authz-matrix.test.ts" name="L2 — Authorization Matrix: Allowed roles get 200 &gt; GET /api/v1/finance/journals — super_admin → 200" time="0.01303564">
        </testcase>
        <testcase classname="L2-authz-bola/authz-matrix.test.ts" name="L2 — Authorization Matrix: Allowed roles get 200 &gt; GET /api/v1/finance/budgets — finance_officer → 200" time="0.020931944">
        </testcase>
        <testcase classname="L2-authz-bola/authz-matrix.test.ts" name="L2 — Authorization Matrix: Allowed roles get 200 &gt; GET /api/v1/finance/budgets — finance_admin → 200" time="0.017754444">
        </testcase>
        <testcase classname="L2-authz-bola/authz-matrix.test.ts" name="L2 — Authorization Matrix: Allowed roles get 200 &gt; GET /api/v1/finance/budgets — super_admin → 200" time="0.018459988">
        </testcase>
        <testcase classname="L2-authz-bola/authz-matrix.test.ts" name="L2 — Authorization Matrix: Allowed roles get 200 &gt; GET /api/v1/hrms/employees — hr_officer → 200" time="0.028393097">
        </testcase>
        <testcase classname="L2-authz-bola/authz-matrix.test.ts" name="L2 — Authorization Matrix: Allowed roles get 200 &gt; GET /api/v1/hrms/employees — hr_admin → 200" time="0.014898634">
        </testcase>
        <testcase classname="L2-authz-bola/authz-matrix.test.ts" name="L2 — Authorization Matrix: Allowed roles get 200 &gt; GET /api/v1/hrms/employees — super_admin → 200" time="0.01604093">
        </testcase>
        <testcase classname="L2-authz-bola/authz-matrix.test.ts" name="L2 — Authorization Matrix: Allowed roles get 200 &gt; GET /api/v1/procurement/indents — procurement_officer → 200" time="0.04990905">
        </testcase>
        <testcase classname="L2-authz-bola/authz-matrix.test.ts" name="L2 — Authorization Matrix: Allowed roles get 200 &gt; GET /api/v1/procurement/indents — super_admin → 200" time="0.01148933">
        </testcase>
        <testcase classname="L2-authz-bola/authz-matrix.test.ts" name="L2 — Authorization Matrix: Allowed roles get 200 &gt; GET /api/v1/procurement/vendors — procurement_officer → 200" time="0.014669989">
        </testcase>
        <testcase classname="L2-authz-bola/authz-matrix.test.ts" name="L2 — Authorization Matrix: Allowed roles get 200 &gt; GET /api/v1/procurement/vendors — super_admin → 200" time="0.033223778">
        </testcase>
        <testcase classname="L2-authz-bola/authz-matrix.test.ts" name="L2 — Authorization Matrix: Allowed roles get 200 &gt; GET /api/v1/audit/observations — audit_officer → 200" time="0.02986922">
        </testcase>
        <testcase classname="L2-authz-bola/authz-matrix.test.ts" name="L2 — Authorization Matrix: Allowed roles get 200 &gt; GET /api/v1/audit/observations — super_admin → 200" time="0.008694075">
        </testcase>
        <testcase classname="L2-authz-bola/authz-matrix.test.ts" name="L2 — Authorization Matrix: Allowed roles get 200 &gt; GET /api/v1/admin/health — tenant_admin → 200" time="0.005999406">
        </testcase>
        <testcase classname="L2-authz-bola/authz-matrix.test.ts" name="L2 — Authorization Matrix: Allowed roles get 200 &gt; GET /api/v1/admin/health — super_admin → 200" time="0.004622722">
        </testcase>
        <testcase classname="L2-authz-bola/authz-matrix.test.ts" name="L2 — Authorization Matrix: Denied roles get 403 &gt; GET /api/v1/finance/bills — citizen → 403" time="0.00832728">
        </testcase>
        <testcase classname="L2-authz-bola/authz-matrix.test.ts" name="L2 — Authorization Matrix: Denied roles get 403 &gt; GET /api/v1/finance/bills — employee → 403" time="0.009779361">
        </testcase>
        <testcase classname="L2-authz-bola/authz-matrix.test.ts" name="L2 — Authorization Matrix: Denied roles get 403 &gt; GET /api/v1/finance/sanctions — citizen → 403" time="0.007074239">
        </testcase>
        <testcase classname="L2-authz-bola/authz-matrix.test.ts" name="L2 — Authorization Matrix: Denied roles get 403 &gt; GET /api/v1/finance/sanctions — employee → 403" time="0.006765373">
        </testcase>
        <testcase classname="L2-authz-bola/authz-matrix.test.ts" name="L2 — Authorization Matrix: Denied roles get 403 &gt; GET /api/v1/finance/journals — citizen → 403" time="0.008941632">
        </testcase>
        <testcase classname="L2-authz-bola/authz-matrix.test.ts" name="L2 — Authorization Matrix: Denied roles get 403 &gt; GET /api/v1/finance/journals — employee → 403" time="0.007571102">
        </testcase>
        <testcase classname="L2-authz-bola/authz-matrix.test.ts" name="L2 — Authorization Matrix: Denied roles get 403 &gt; GET /api/v1/finance/budgets — citizen → 403" time="0.007294424">
        </testcase>
        <testcase classname="L2-authz-bola/authz-matrix.test.ts" name="L2 — Authorization Matrix: Denied roles get 403 &gt; GET /api/v1/hrms/employees — citizen → 403" time="0.009403106">
        </testcase>
        <testcase classname="L2-authz-bola/authz-matrix.test.ts" name="L2 — Authorization Matrix: Denied roles get 403 &gt; GET /api/v1/procurement/indents — citizen → 403" time="0.00669951">
        </testcase>
        <testcase classname="L2-authz-bola/authz-matrix.test.ts" name="L2 — Authorization Matrix: Denied roles get 403 &gt; GET /api/v1/procurement/indents — employee → 403" time="0.006848787">
        </testcase>
        <testcase classname="L2-authz-bola/authz-matrix.test.ts" name="L2 — Authorization Matrix: Denied roles get 403 &gt; GET /api/v1/procurement/vendors — citizen → 403" time="0.006664352">
        </testcase>
        <testcase classname="L2-authz-bola/authz-matrix.test.ts" name="L2 — Authorization Matrix: Denied roles get 403 &gt; GET /api/v1/audit/observations — citizen → 403" time="0.00720745">
        </testcase>
        <testcase classname="L2-authz-bola/authz-matrix.test.ts" name="L2 — Authorization Matrix: Denied roles get 403 &gt; GET /api/v1/audit/observations — employee → 403" time="0.007000918">
        </testcase>
        <testcase classname="L2-authz-bola/authz-matrix.test.ts" name="L2 — Authorization Matrix: Denied roles get 403 &gt; GET /api/v1/admin/health — citizen → 403" time="0.004006926">
        </testcase>
        <testcase classname="L2-authz-bola/authz-matrix.test.ts" name="L2 — Authorization Matrix: Denied roles get 403 &gt; GET /api/v1/admin/health — employee → 403" time="0.006654784">
        </testcase>
        <testcase classname="L2-authz-bola/authz-matrix.test.ts" name="L2 — Mass Assignment Protection &gt; POST /api/v1/finance/bills: injected tenantId in body is ignored" time="0.01265776">
        </testcase>
        <testcase classname="L2-authz-bola/authz-matrix.test.ts" name="L2 — Mass Assignment Protection &gt; POST /api/v1/hrms/employees: injected role escalation ignored" time="0.008424856">
        </testcase>
        <testcase classname="L2-authz-bola/authz-matrix.test.ts" name="L2 — JWT Tampering &gt; alg=none attack → 401" time="0.00229205">
        </testcase>
        <testcase classname="L2-authz-bola/authz-matrix.test.ts" name="L2 — JWT Tampering &gt; wrong secret → 401" time="0.004648347">
        </testcase>
        <testcase classname="L2-authz-bola/authz-matrix.test.ts" name="L2 — JWT Tampering &gt; manipulated payload (changed role) → 401" time="0.003800739">
        </testcase>
    </testsuite>
    <testsuite name="L3-data-integrity/schema-integrity.test.ts" timestamp="2026-07-27T03:28:54.002Z" hostname="ip-10-0-1-222.ap-south-1.compute.internal" tests="38" failures="0" errors="0" skipped="0" time="2.948761859">
        <testcase classname="L3-data-integrity/schema-integrity.test.ts" name="L3 — Money columns: no float/real/double/numeric money columns &gt; finance: money columns are bigint (not float/numeric)" time="0.172799038">
        </testcase>
        <testcase classname="L3-data-integrity/schema-integrity.test.ts" name="L3 — Money columns: no float/real/double/numeric money columns &gt; hrms: money columns are bigint (not float/numeric)" time="0.15759555">
        </testcase>
        <testcase classname="L3-data-integrity/schema-integrity.test.ts" name="L3 — Money columns: no float/real/double/numeric money columns &gt; payroll: money columns are bigint (not float/numeric)" time="0.069407695">
        </testcase>
        <testcase classname="L3-data-integrity/schema-integrity.test.ts" name="L3 — Money columns: no float/real/double/numeric money columns &gt; procurement: money columns are bigint (not float/numeric)" time="0.082642744">
        </testcase>
        <testcase classname="L3-data-integrity/schema-integrity.test.ts" name="L3 — Money columns: no float/real/double/numeric money columns &gt; citizen: money columns are bigint (not float/numeric)" time="0.108091653">
        </testcase>
        <testcase classname="L3-data-integrity/schema-integrity.test.ts" name="L3 — Money columns: no float/real/double/numeric money columns &gt; legal: money columns are bigint (not float/numeric)" time="0.082792578">
        </testcase>
        <testcase classname="L3-data-integrity/schema-integrity.test.ts" name="L3 — Money columns: no float/real/double/numeric money columns &gt; asset: money columns are bigint (not float/numeric)" time="0.063363218">
        </testcase>
        <testcase classname="L3-data-integrity/schema-integrity.test.ts" name="L3 — Money columns: no float/real/double/numeric money columns &gt; stock: money columns are bigint (not float/numeric)" time="0.05984897">
        </testcase>
        <testcase classname="L3-data-integrity/schema-integrity.test.ts" name="L3 — Money columns: no float/real/double/numeric money columns &gt; project: money columns are bigint (not float/numeric)" time="0.057139475">
        </testcase>
        <testcase classname="L3-data-integrity/schema-integrity.test.ts" name="L3 — Money columns: no float/real/double/numeric money columns &gt; grant: money columns are bigint (not float/numeric)" time="0.058336983">
        </testcase>
        <testcase classname="L3-data-integrity/schema-integrity.test.ts" name="L3 — Money columns: no float/real/double/numeric money columns &gt; crm: money columns are bigint (not float/numeric)" time="0.050413446">
        </testcase>
        <testcase classname="L3-data-integrity/schema-integrity.test.ts" name="L3 — Money columns: no float/real/double/numeric money columns &gt; contract: money columns are bigint (not float/numeric)" time="0.067617619">
        </testcase>
        <testcase classname="L3-data-integrity/schema-integrity.test.ts" name="L3 — Money columns: no float/real/double/numeric money columns &gt; estab: money columns are bigint (not float/numeric)" time="0.064954589">
        </testcase>
        <testcase classname="L3-data-integrity/schema-integrity.test.ts" name="L3 — Money columns: no float/real/double/numeric money columns &gt; audit: money columns are bigint (not float/numeric)" time="0.057596657">
        </testcase>
        <testcase classname="L3-data-integrity/schema-integrity.test.ts" name="L3 — Money columns: no float/real/double/numeric money columns &gt; workflow: money columns are bigint (not float/numeric)" time="0.064618827">
        </testcase>
        <testcase classname="L3-data-integrity/schema-integrity.test.ts" name="L3 — Money columns: no float/real/double/numeric money columns &gt; identity: money columns are bigint (not float/numeric)" time="0.051215047">
        </testcase>
        <testcase classname="L3-data-integrity/schema-integrity.test.ts" name="L3 — Money columns: no float/real/double/numeric money columns &gt; admin: money columns are bigint (not float/numeric)" time="0.059983526">
        </testcase>
        <testcase classname="L3-data-integrity/schema-integrity.test.ts" name="L3 — Money columns: no float/real/double/numeric money columns &gt; analytics: money columns are bigint (not float/numeric)" time="0.047756192">
        </testcase>
        <testcase classname="L3-data-integrity/schema-integrity.test.ts" name="L3 — Timestamp columns: must be timestamptz (not timestamp without time zone) &gt; finance: no &apos;timestamp without time zone&apos;" time="0.097223568">
        </testcase>
        <testcase classname="L3-data-integrity/schema-integrity.test.ts" name="L3 — Timestamp columns: must be timestamptz (not timestamp without time zone) &gt; hrms: no &apos;timestamp without time zone&apos;" time="0.084797005">
        </testcase>
        <testcase classname="L3-data-integrity/schema-integrity.test.ts" name="L3 — Timestamp columns: must be timestamptz (not timestamp without time zone) &gt; payroll: no &apos;timestamp without time zone&apos;" time="0.081034699">
        </testcase>
        <testcase classname="L3-data-integrity/schema-integrity.test.ts" name="L3 — Timestamp columns: must be timestamptz (not timestamp without time zone) &gt; procurement: no &apos;timestamp without time zone&apos;" time="0.125118842">
        </testcase>
        <testcase classname="L3-data-integrity/schema-integrity.test.ts" name="L3 — Timestamp columns: must be timestamptz (not timestamp without time zone) &gt; citizen: no &apos;timestamp without time zone&apos;" time="0.086960866">
        </testcase>
        <testcase classname="L3-data-integrity/schema-integrity.test.ts" name="L3 — Timestamp columns: must be timestamptz (not timestamp without time zone) &gt; legal: no &apos;timestamp without time zone&apos;" time="0.087897804">
        </testcase>
        <testcase classname="L3-data-integrity/schema-integrity.test.ts" name="L3 — Timestamp columns: must be timestamptz (not timestamp without time zone) &gt; asset: no &apos;timestamp without time zone&apos;" time="0.078220826">
        </testcase>
        <testcase classname="L3-data-integrity/schema-integrity.test.ts" name="L3 — Timestamp columns: must be timestamptz (not timestamp without time zone) &gt; stock: no &apos;timestamp without time zone&apos;" time="0.087957119">
        </testcase>
        <testcase classname="L3-data-integrity/schema-integrity.test.ts" name="L3 — Timestamp columns: must be timestamptz (not timestamp without time zone) &gt; project: no &apos;timestamp without time zone&apos;" time="0.077781104">
        </testcase>
        <testcase classname="L3-data-integrity/schema-integrity.test.ts" name="L3 — Timestamp columns: must be timestamptz (not timestamp without time zone) &gt; grant: no &apos;timestamp without time zone&apos;" time="0.074880446">
        </testcase>
        <testcase classname="L3-data-integrity/schema-integrity.test.ts" name="L3 — Timestamp columns: must be timestamptz (not timestamp without time zone) &gt; crm: no &apos;timestamp without time zone&apos;" time="0.076146565">
        </testcase>
        <testcase classname="L3-data-integrity/schema-integrity.test.ts" name="L3 — Timestamp columns: must be timestamptz (not timestamp without time zone) &gt; contract: no &apos;timestamp without time zone&apos;" time="0.076527235">
        </testcase>
        <testcase classname="L3-data-integrity/schema-integrity.test.ts" name="L3 — Timestamp columns: must be timestamptz (not timestamp without time zone) &gt; estab: no &apos;timestamp without time zone&apos;" time="0.087816687">
        </testcase>
        <testcase classname="L3-data-integrity/schema-integrity.test.ts" name="L3 — Timestamp columns: must be timestamptz (not timestamp without time zone) &gt; audit: no &apos;timestamp without time zone&apos;" time="0.078613639">
        </testcase>
        <testcase classname="L3-data-integrity/schema-integrity.test.ts" name="L3 — Timestamp columns: must be timestamptz (not timestamp without time zone) &gt; workflow: no &apos;timestamp without time zone&apos;" time="0.089423903">
        </testcase>
        <testcase classname="L3-data-integrity/schema-integrity.test.ts" name="L3 — Timestamp columns: must be timestamptz (not timestamp without time zone) &gt; identity: no &apos;timestamp without time zone&apos;" time="0.076773258">
        </testcase>
        <testcase classname="L3-data-integrity/schema-integrity.test.ts" name="L3 — Timestamp columns: must be timestamptz (not timestamp without time zone) &gt; admin: no &apos;timestamp without time zone&apos;" time="0.080011887">
        </testcase>
        <testcase classname="L3-data-integrity/schema-integrity.test.ts" name="L3 — Timestamp columns: must be timestamptz (not timestamp without time zone) &gt; analytics: no &apos;timestamp without time zone&apos;" time="0.079143848">
        </testcase>
        <testcase classname="L3-data-integrity/schema-integrity.test.ts" name="L3 — RLS / BYPASSRLS audit &gt; no service roles have BYPASSRLS" time="0.020936367">
        </testcase>
        <testcase classname="L3-data-integrity/schema-integrity.test.ts" name="L3 — Double-entry invariant (finance) &gt; finance GL: sum(debit) = sum(credit) for every voucher" time="0.021504877">
        </testcase>
    </testsuite>
    <testsuite name="L4-api-contract/input-validation.test.ts" timestamp="2026-07-27T03:28:54.017Z" hostname="ip-10-0-1-222.ap-south-1.compute.internal" tests="16" failures="0" errors="0" skipped="0" time="0.853386479">
        <testcase classname="L4-api-contract/input-validation.test.ts" name="L4 — SQL Injection resistance &gt; GET with SQLi in query param: &apos;; DROP TABLE users; --..." time="0.12745415">
        </testcase>
        <testcase classname="L4-api-contract/input-validation.test.ts" name="L4 — SQL Injection resistance &gt; GET with SQLi in query param: 1&apos; OR &apos;1&apos;=&apos;1..." time="0.047022858">
        </testcase>
        <testcase classname="L4-api-contract/input-validation.test.ts" name="L4 — SQL Injection resistance &gt; GET with SQLi in query param: 1; SELECT * FROM pg_tables --..." time="0.057883722">
        </testcase>
        <testcase classname="L4-api-contract/input-validation.test.ts" name="L4 — SQL Injection resistance &gt; GET with SQLi in query param: &apos; UNION SELECT null,null,null ..." time="0.026910493">
        </testcase>
        <testcase classname="L4-api-contract/input-validation.test.ts" name="L4 — SQL Injection resistance &gt; GET with SQLi in query param: admin&apos;/*..." time="0.034495347">
        </testcase>
        <testcase classname="L4-api-contract/input-validation.test.ts" name="L4 — SQL Injection resistance &gt; GET with SQLi in query param: 1&apos;; WAITFOR DELAY &apos;0:0:5&apos; --..." time="0.015573754">
        </testcase>
        <testcase classname="L4-api-contract/input-validation.test.ts" name="L4 — SQL Injection resistance &gt; POST with SQLi in body field" time="0.024356059">
        </testcase>
        <testcase classname="L4-api-contract/input-validation.test.ts" name="L4 — Path traversal resistance &gt; traversal: /api/v1/finance/../../../etc/passwd..." time="0.006303489">
        </testcase>
        <testcase classname="L4-api-contract/input-validation.test.ts" name="L4 — Path traversal resistance &gt; traversal: /api/v1/finance/bills/..%2f..%2f..%2fetc..." time="0.012584397">
        </testcase>
        <testcase classname="L4-api-contract/input-validation.test.ts" name="L4 — Path traversal resistance &gt; traversal: /api/v1/finance/bills/%2e%2e/%2e%2e/etc/..." time="0.010560935">
        </testcase>
        <testcase classname="L4-api-contract/input-validation.test.ts" name="L4 — XSS in stored fields &gt; script tag in vendor name is stored escaped, not executed" time="0.00984949">
        </testcase>
        <testcase classname="L4-api-contract/input-validation.test.ts" name="L4 — Boundary inputs &gt; oversized body (&gt;1MB) → 413 or 400" time="0.021362238">
        </testcase>
        <testcase classname="L4-api-contract/input-validation.test.ts" name="L4 — Boundary inputs &gt; null bytes in string field → rejected" time="0.020154432">
        </testcase>
        <testcase classname="L4-api-contract/input-validation.test.ts" name="L4 — Boundary inputs &gt; unicode normalization: no injection via homoglyph" time="0.010718965">
        </testcase>
        <testcase classname="L4-api-contract/input-validation.test.ts" name="L4 — Idempotency (replay protection) &gt; POST same journal twice with same idempotency data → no duplicate" time="0.036792016">
        </testcase>
        <testcase classname="L4-api-contract/input-validation.test.ts" name="L4 — Concurrency (N-way parallel mutation) &gt; 10 parallel bill submissions → all complete without 500" time="0.069109339">
        </testcase>
    </testsuite>
    <testsuite name="L10-domain-correctness/finance-domain.test.ts" timestamp="2026-07-27T03:28:54.021Z" hostname="ip-10-0-1-222.ap-south-1.compute.internal" tests="7" failures="0" errors="0" skipped="0" time="0.037952864">
        <testcase classname="L10-domain-correctness/finance-domain.test.ts" name="L10 — Double-entry journal balance (vs golden oracle) &gt; balanced journals (should NOT throw) &gt; balanced journal" time="0.002379295">
        </testcase>
        <testcase classname="L10-domain-correctness/finance-domain.test.ts" name="L10 — Double-entry journal balance (vs golden oracle) &gt; balanced journals (should NOT throw) &gt; balanced journal" time="0.000367976">
        </testcase>
        <testcase classname="L10-domain-correctness/finance-domain.test.ts" name="L10 — Double-entry journal balance (vs golden oracle) &gt; balanced journals (should NOT throw) &gt; large values OK with bigint" time="0.000444801">
        </testcase>
        <testcase classname="L10-domain-correctness/finance-domain.test.ts" name="L10 — Double-entry journal balance (vs golden oracle) &gt; unbalanced journals (should throw) &gt; off by 1 paise" time="0.000524711">
        </testcase>
        <testcase classname="L10-domain-correctness/finance-domain.test.ts" name="L10 — Double-entry journal balance (vs golden oracle) &gt; unbalanced journals (should throw) &gt; single line" time="0.00140052">
        </testcase>
        <testcase classname="L10-domain-correctness/finance-domain.test.ts" name="L10 — Double-entry: bigint precision (no float drift) &gt; amounts above 2^53 remain precise" time="0.00039836">
        </testcase>
        <testcase classname="L10-domain-correctness/finance-domain.test.ts" name="L10 — Double-entry: bigint precision (no float drift) &gt; off-by-one at scale is caught" time="0.000608838">
        </testcase>
    </testsuite>
    <testsuite name="L10-domain-correctness/payroll-domain.test.ts" timestamp="2026-07-27T03:28:54.023Z" hostname="ip-10-0-1-222.ap-south-1.compute.internal" tests="19" failures="0" errors="0" skipped="0" time="0.129759533">
        <testcase classname="L10-domain-correctness/payroll-domain.test.ts" name="L10 — Gratuity computation (vs golden oracle) &gt; &lt;5 years → 0" time="0.001716468">
        </testcase>
        <testcase classname="L10-domain-correctness/payroll-domain.test.ts" name="L10 — Gratuity computation (vs golden oracle) &gt; (56000+28000)*15*5/26 = 242307.69 → 242308 paise" time="0.000310778">
        </testcase>
        <testcase classname="L10-domain-correctness/payroll-domain.test.ts" name="L10 — Gratuity computation (vs golden oracle) &gt; 84000*15*10/26 = 484615.38 → rounds" time="0.00022803">
        </testcase>
        <testcase classname="L10-domain-correctness/payroll-domain.test.ts" name="L10 — Gratuity computation (vs golden oracle) &gt; 6 months in last year → rounds UP to 11 years: 84000*15*11/26 = 533076.92" time="0.000211988">
        </testcase>
        <testcase classname="L10-domain-correctness/payroll-domain.test.ts" name="L10 — Gratuity computation (vs golden oracle) &gt; capped at 20 lakh" time="0.000649281">
        </testcase>
        <testcase classname="L10-domain-correctness/payroll-domain.test.ts" name="L10 — Gratuity computation (vs golden oracle) &gt; 84000*15*25/26 = 1211538.46" time="0.000256107">
        </testcase>
        <testcase classname="L10-domain-correctness/payroll-domain.test.ts" name="L10 — Additional pension % by age (vs golden oracle) &gt; age 79 → 0%" time="0.000368288">
        </testcase>
        <testcase classname="L10-domain-correctness/payroll-domain.test.ts" name="L10 — Additional pension % by age (vs golden oracle) &gt; age 80 → 20%" time="0.000201642">
        </testcase>
        <testcase classname="L10-domain-correctness/payroll-domain.test.ts" name="L10 — Additional pension % by age (vs golden oracle) &gt; age 84 → 20%" time="0.000402471">
        </testcase>
        <testcase classname="L10-domain-correctness/payroll-domain.test.ts" name="L10 — Additional pension % by age (vs golden oracle) &gt; age 85 → 30%" time="0.000219677">
        </testcase>
        <testcase classname="L10-domain-correctness/payroll-domain.test.ts" name="L10 — Additional pension % by age (vs golden oracle) &gt; age 89 → 30%" time="0.000175861">
        </testcase>
        <testcase classname="L10-domain-correctness/payroll-domain.test.ts" name="L10 — Additional pension % by age (vs golden oracle) &gt; age 90 → 40%" time="0.000156866">
        </testcase>
        <testcase classname="L10-domain-correctness/payroll-domain.test.ts" name="L10 — Additional pension % by age (vs golden oracle) &gt; age 95 → 50%" time="0.000592502">
        </testcase>
        <testcase classname="L10-domain-correctness/payroll-domain.test.ts" name="L10 — Additional pension % by age (vs golden oracle) &gt; age 100 → 100%" time="0.000223697">
        </testcase>
        <testcase classname="L10-domain-correctness/payroll-domain.test.ts" name="L10 — EPF computation (vs golden oracle) &gt; 12% of 15000 (both under cap)" time="0.006059435">
        </testcase>
        <testcase classname="L10-domain-correctness/payroll-domain.test.ts" name="L10 — EPF computation (vs golden oracle) &gt; basic+DA 37500 &gt; cap 15000 → 12% of 15000" time="0.00032672">
        </testcase>
        <testcase classname="L10-domain-correctness/payroll-domain.test.ts" name="L10 — EPF computation (vs golden oracle) &gt; 12% of 10000" time="0.00042588">
        </testcase>
        <testcase classname="L10-domain-correctness/payroll-domain.test.ts" name="L10 — Pension computation (basic + DR + additional) &gt; pensioner aged 82 gets 20% additional pension" time="0.000590672">
        </testcase>
        <testcase classname="L10-domain-correctness/payroll-domain.test.ts" name="L10 — Pension computation (basic + DR + additional) &gt; commutation deducted before restoration (15-year rule)" time="0.000343689">
        </testcase>
    </testsuite>
    <testsuite name="L11-mutation-canary/canary-tests.test.ts" timestamp="2026-07-27T03:28:54.027Z" hostname="ip-10-0-1-222.ap-south-1.compute.internal" tests="11" failures="0" errors="0" skipped="0" time="0.131712908">
        <testcase classname="L11-mutation-canary/canary-tests.test.ts" name="L11 — Canary: Journal balance gate catches off-by-one &gt; CANARY: 1 paise imbalance is caught (not silently accepted)" time="0.00264918">
        </testcase>
        <testcase classname="L11-mutation-canary/canary-tests.test.ts" name="L11 — Canary: Journal balance gate catches off-by-one &gt; CANARY: empty lines array caught (mutation: remove length check)" time="0.000613187">
        </testcase>
        <testcase classname="L11-mutation-canary/canary-tests.test.ts" name="L11 — Canary: Journal balance gate catches off-by-one &gt; CANARY: single line caught (mutation: change &lt; 2 to &lt; 1)" time="0.000398713">
        </testcase>
        <testcase classname="L11-mutation-canary/canary-tests.test.ts" name="L11 — Canary: Gratuity gate catches boundary errors &gt; CANARY: 4.99 years → 0 (mutation: change &lt; 5 to &lt;= 5)" time="0.0006492">
        </testcase>
        <testcase classname="L11-mutation-canary/canary-tests.test.ts" name="L11 — Canary: Gratuity gate catches boundary errors &gt; CANARY: exactly 5 years → non-zero (mutation: change &lt; 5 to &lt; 6)" time="0.000343722">
        </testcase>
        <testcase classname="L11-mutation-canary/canary-tests.test.ts" name="L11 — Canary: Gratuity gate catches boundary errors &gt; CANARY: cap at 20 lakh enforced (mutation: remove cap check)" time="0.000268365">
        </testcase>
        <testcase classname="L11-mutation-canary/canary-tests.test.ts" name="L11 — Canary: Pension age bands correct at boundaries &gt; CANARY: age 79 → 0% (mutation: change threshold from 80 to 79)" time="0.00024663">
        </testcase>
        <testcase classname="L11-mutation-canary/canary-tests.test.ts" name="L11 — Canary: Pension age bands correct at boundaries &gt; CANARY: age 80 → 20% (mutation: change 20 to 30)" time="0.000233584">
        </testcase>
        <testcase classname="L11-mutation-canary/canary-tests.test.ts" name="L11 — Canary: Pension age bands correct at boundaries &gt; CANARY: age 100 → 100% (mutation: change 100 to 50)" time="0.000557647">
        </testcase>
        <testcase classname="L11-mutation-canary/canary-tests.test.ts" name="L11 — Canary: Tenant isolation gate catches cross-tenant &gt; CANARY: if isolation test accepted 500 as valid, it would miss service errors" time="0.000881561">
        </testcase>
        <testcase classname="L11-mutation-canary/canary-tests.test.ts" name="L11 — Canary: Authz gate catches role bypass &gt; CANARY: if authz test accepted 200 for denied role, it would miss bypass" time="0.000392928">
        </testcase>
    </testsuite>
</testsuites>
