<?xml version="1.0" encoding="UTF-8" ?>
<testsuites name="vitest tests" tests="57" failures="0" errors="0" time="1.426">
    <testsuite name="L1-tenant-isolation/tenant-isolation.test.ts" timestamp="2026-07-27T05:01:05.057Z" hostname="ip-10-0-1-222.ap-south-1.compute.internal" tests="57" failures="0" errors="0" skipped="0" time="1.023802512">
        <testcase classname="L1-tenant-isolation/tenant-isolation.test.ts" name="L1 — Tenant Isolation: Cross-tenant data access &gt; gateway is reachable" time="0.054431102">
        </testcase>
        <testcase classname="L1-tenant-isolation/tenant-isolation.test.ts" name="L1 — Tenant Isolation: Cross-tenant data access &gt; Cross-tenant GET isolation (T_A reads T_B endpoints) &gt; finance sanctions: Tenant B token on Tenant A-scoped data returns empty or 200 with no cross-tenant data" time="0.032706862">
        </testcase>
        <testcase classname="L1-tenant-isolation/tenant-isolation.test.ts" name="L1 — Tenant Isolation: Cross-tenant data access &gt; Cross-tenant GET isolation (T_A reads T_B endpoints) &gt; finance bills: Tenant B token on Tenant A-scoped data returns empty or 200 with no cross-tenant data" time="0.012574994">
        </testcase>
        <testcase classname="L1-tenant-isolation/tenant-isolation.test.ts" name="L1 — Tenant Isolation: Cross-tenant data access &gt; Cross-tenant GET isolation (T_A reads T_B endpoints) &gt; finance advances: Tenant B token on Tenant A-scoped data returns empty or 200 with no cross-tenant data" time="0.012152396">
        </testcase>
        <testcase classname="L1-tenant-isolation/tenant-isolation.test.ts" name="L1 — Tenant Isolation: Cross-tenant data access &gt; Cross-tenant GET isolation (T_A reads T_B endpoints) &gt; finance journals: Tenant B token on Tenant A-scoped data returns empty or 200 with no cross-tenant data" time="0.011760444">
        </testcase>
        <testcase classname="L1-tenant-isolation/tenant-isolation.test.ts" name="L1 — Tenant Isolation: Cross-tenant data access &gt; Cross-tenant GET isolation (T_A reads T_B endpoints) &gt; finance budgets: Tenant B token on Tenant A-scoped data returns empty or 200 with no cross-tenant data" time="0.011093177">
        </testcase>
        <testcase classname="L1-tenant-isolation/tenant-isolation.test.ts" name="L1 — Tenant Isolation: Cross-tenant data access &gt; Cross-tenant GET isolation (T_A reads T_B endpoints) &gt; finance statements: Tenant B token on Tenant A-scoped data returns empty or 200 with no cross-tenant data" time="0.013433941">
        </testcase>
        <testcase classname="L1-tenant-isolation/tenant-isolation.test.ts" name="L1 — Tenant Isolation: Cross-tenant data access &gt; Cross-tenant GET isolation (T_A reads T_B endpoints) &gt; finance UCs: Tenant B token on Tenant A-scoped data returns empty or 200 with no cross-tenant data" time="0.013813577">
        </testcase>
        <testcase classname="L1-tenant-isolation/tenant-isolation.test.ts" name="L1 — Tenant Isolation: Cross-tenant data access &gt; Cross-tenant GET isolation (T_A reads T_B endpoints) &gt; hrms employees: Tenant B token on Tenant A-scoped data returns empty or 200 with no cross-tenant data" time="0.032941914">
        </testcase>
        <testcase classname="L1-tenant-isolation/tenant-isolation.test.ts" name="L1 — Tenant Isolation: Cross-tenant data access &gt; Cross-tenant GET isolation (T_A reads T_B endpoints) &gt; hrms leave requests: Tenant B token on Tenant A-scoped data returns empty or 200 with no cross-tenant data" time="0.015860942">
        </testcase>
        <testcase classname="L1-tenant-isolation/tenant-isolation.test.ts" name="L1 — Tenant Isolation: Cross-tenant data access &gt; Cross-tenant GET isolation (T_A reads T_B endpoints) &gt; hrms attendance: Tenant B token on Tenant A-scoped data returns empty or 200 with no cross-tenant data" time="0.014211969">
        </testcase>
        <testcase classname="L1-tenant-isolation/tenant-isolation.test.ts" name="L1 — Tenant Isolation: Cross-tenant data access &gt; Cross-tenant GET isolation (T_A reads T_B endpoints) &gt; hrms appraisals: Tenant B token on Tenant A-scoped data returns empty or 200 with no cross-tenant data" time="0.015925803">
        </testcase>
        <testcase classname="L1-tenant-isolation/tenant-isolation.test.ts" name="L1 — Tenant Isolation: Cross-tenant data access &gt; Cross-tenant GET isolation (T_A reads T_B endpoints) &gt; procurement indents: Tenant B token on Tenant A-scoped data returns empty or 200 with no cross-tenant data" time="0.024158937">
        </testcase>
        <testcase classname="L1-tenant-isolation/tenant-isolation.test.ts" name="L1 — Tenant Isolation: Cross-tenant data access &gt; Cross-tenant GET isolation (T_A reads T_B endpoints) &gt; procurement vendors: Tenant B token on Tenant A-scoped data returns empty or 200 with no cross-tenant data" time="0.010396601">
        </testcase>
        <testcase classname="L1-tenant-isolation/tenant-isolation.test.ts" name="L1 — Tenant Isolation: Cross-tenant data access &gt; Cross-tenant GET isolation (T_A reads T_B endpoints) &gt; procurement RFQs: Tenant B token on Tenant A-scoped data returns empty or 200 with no cross-tenant data" time="0.010334373">
        </testcase>
        <testcase classname="L1-tenant-isolation/tenant-isolation.test.ts" name="L1 — Tenant Isolation: Cross-tenant data access &gt; Cross-tenant GET isolation (T_A reads T_B endpoints) &gt; procurement GRNs: Tenant B token on Tenant A-scoped data returns empty or 200 with no cross-tenant data" time="0.013626582">
        </testcase>
        <testcase classname="L1-tenant-isolation/tenant-isolation.test.ts" name="L1 — Tenant Isolation: Cross-tenant data access &gt; Cross-tenant GET isolation (T_A reads T_B endpoints) &gt; procurement tenders: Tenant B token on Tenant A-scoped data returns empty or 200 with no cross-tenant data" time="0.010413439">
        </testcase>
        <testcase classname="L1-tenant-isolation/tenant-isolation.test.ts" name="L1 — Tenant Isolation: Cross-tenant data access &gt; Cross-tenant GET isolation (T_A reads T_B endpoints) &gt; citizen tickets: Tenant B token on Tenant A-scoped data returns empty or 200 with no cross-tenant data" time="0.024843262">
        </testcase>
        <testcase classname="L1-tenant-isolation/tenant-isolation.test.ts" name="L1 — Tenant Isolation: Cross-tenant data access &gt; Cross-tenant GET isolation (T_A reads T_B endpoints) &gt; citizen requests: Tenant B token on Tenant A-scoped data returns empty or 200 with no cross-tenant data" time="0.010966572">
        </testcase>
        <testcase classname="L1-tenant-isolation/tenant-isolation.test.ts" name="L1 — Tenant Isolation: Cross-tenant data access &gt; Cross-tenant GET isolation (T_A reads T_B endpoints) &gt; citizen RTI: Tenant B token on Tenant A-scoped data returns empty or 200 with no cross-tenant data" time="0.010115739">
        </testcase>
        <testcase classname="L1-tenant-isolation/tenant-isolation.test.ts" name="L1 — Tenant Isolation: Cross-tenant data access &gt; Cross-tenant GET isolation (T_A reads T_B endpoints) &gt; legal cases: Tenant B token on Tenant A-scoped data returns empty or 200 with no cross-tenant data" time="0.02383727">
        </testcase>
        <testcase classname="L1-tenant-isolation/tenant-isolation.test.ts" name="L1 — Tenant Isolation: Cross-tenant data access &gt; Cross-tenant GET isolation (T_A reads T_B endpoints) &gt; legal hearings: Tenant B token on Tenant A-scoped data returns empty or 200 with no cross-tenant data" time="0.011072303">
        </testcase>
        <testcase classname="L1-tenant-isolation/tenant-isolation.test.ts" name="L1 — Tenant Isolation: Cross-tenant data access &gt; Cross-tenant GET isolation (T_A reads T_B endpoints) &gt; legal court orders: Tenant B token on Tenant A-scoped data returns empty or 200 with no cross-tenant data" time="0.009986353">
        </testcase>
        <testcase classname="L1-tenant-isolation/tenant-isolation.test.ts" name="L1 — Tenant Isolation: Cross-tenant data access &gt; Cross-tenant GET isolation (T_A reads T_B endpoints) &gt; assets: Tenant B token on Tenant A-scoped data returns empty or 200 with no cross-tenant data" time="0.024912054">
        </testcase>
        <testcase classname="L1-tenant-isolation/tenant-isolation.test.ts" name="L1 — Tenant Isolation: Cross-tenant data access &gt; Cross-tenant GET isolation (T_A reads T_B endpoints) &gt; asset maintenance: Tenant B token on Tenant A-scoped data returns empty or 200 with no cross-tenant data" time="0.011184238">
        </testcase>
        <testcase classname="L1-tenant-isolation/tenant-isolation.test.ts" name="L1 — Tenant Isolation: Cross-tenant data access &gt; Cross-tenant GET isolation (T_A reads T_B endpoints) &gt; stock items: Tenant B token on Tenant A-scoped data returns empty or 200 with no cross-tenant data" time="0.025798711">
        </testcase>
        <testcase classname="L1-tenant-isolation/tenant-isolation.test.ts" name="L1 — Tenant Isolation: Cross-tenant data access &gt; Cross-tenant GET isolation (T_A reads T_B endpoints) &gt; stock ledger: Tenant B token on Tenant A-scoped data returns empty or 200 with no cross-tenant data" time="0.010136539">
        </testcase>
        <testcase classname="L1-tenant-isolation/tenant-isolation.test.ts" name="L1 — Tenant Isolation: Cross-tenant data access &gt; Cross-tenant GET isolation (T_A reads T_B endpoints) &gt; projects: Tenant B token on Tenant A-scoped data returns empty or 200 with no cross-tenant data" time="0.025082467">
        </testcase>
        <testcase classname="L1-tenant-isolation/tenant-isolation.test.ts" name="L1 — Tenant Isolation: Cross-tenant data access &gt; Cross-tenant GET isolation (T_A reads T_B endpoints) &gt; project milestones: Tenant B token on Tenant A-scoped data returns empty or 200 with no cross-tenant data" time="0.010296909">
        </testcase>
        <testcase classname="L1-tenant-isolation/tenant-isolation.test.ts" name="L1 — Tenant Isolation: Cross-tenant data access &gt; Cross-tenant GET isolation (T_A reads T_B endpoints) &gt; grants: Tenant B token on Tenant A-scoped data returns empty or 200 with no cross-tenant data" time="0.026163569">
        </testcase>
        <testcase classname="L1-tenant-isolation/tenant-isolation.test.ts" name="L1 — Tenant Isolation: Cross-tenant data access &gt; Cross-tenant GET isolation (T_A reads T_B endpoints) &gt; grantees: Tenant B token on Tenant A-scoped data returns empty or 200 with no cross-tenant data" time="0.009910594">
        </testcase>
        <testcase classname="L1-tenant-isolation/tenant-isolation.test.ts" name="L1 — Tenant Isolation: Cross-tenant data access &gt; Cross-tenant GET isolation (T_A reads T_B endpoints) &gt; grant installments: Tenant B token on Tenant A-scoped data returns empty or 200 with no cross-tenant data" time="0.011142998">
        </testcase>
        <testcase classname="L1-tenant-isolation/tenant-isolation.test.ts" name="L1 — Tenant Isolation: Cross-tenant data access &gt; Cross-tenant GET isolation (T_A reads T_B endpoints) &gt; CRM contacts: Tenant B token on Tenant A-scoped data returns empty or 200 with no cross-tenant data" time="0.04868096">
        </testcase>
        <testcase classname="L1-tenant-isolation/tenant-isolation.test.ts" name="L1 — Tenant Isolation: Cross-tenant data access &gt; Cross-tenant GET isolation (T_A reads T_B endpoints) &gt; CRM deals: Tenant B token on Tenant A-scoped data returns empty or 200 with no cross-tenant data" time="0.01327577">
        </testcase>
        <testcase classname="L1-tenant-isolation/tenant-isolation.test.ts" name="L1 — Tenant Isolation: Cross-tenant data access &gt; Cross-tenant GET isolation (T_A reads T_B endpoints) &gt; estab files: Tenant B token on Tenant A-scoped data returns empty or 200 with no cross-tenant data" time="0.025783555">
        </testcase>
        <testcase classname="L1-tenant-isolation/tenant-isolation.test.ts" name="L1 — Tenant Isolation: Cross-tenant data access &gt; Cross-tenant GET isolation (T_A reads T_B endpoints) &gt; estab meetings: Tenant B token on Tenant A-scoped data returns empty or 200 with no cross-tenant data" time="0.01135927">
        </testcase>
        <testcase classname="L1-tenant-isolation/tenant-isolation.test.ts" name="L1 — Tenant Isolation: Cross-tenant data access &gt; Cross-tenant GET isolation (T_A reads T_B endpoints) &gt; contracts: Tenant B token on Tenant A-scoped data returns empty or 200 with no cross-tenant data" time="0.027624758">
        </testcase>
        <testcase classname="L1-tenant-isolation/tenant-isolation.test.ts" name="L1 — Tenant Isolation: Cross-tenant data access &gt; Cross-tenant GET isolation (T_A reads T_B endpoints) &gt; audit observations: Tenant B token on Tenant A-scoped data returns empty or 200 with no cross-tenant data" time="0.028385145">
        </testcase>
        <testcase classname="L1-tenant-isolation/tenant-isolation.test.ts" name="L1 — Tenant Isolation: Cross-tenant data access &gt; Cross-tenant GET isolation (T_A reads T_B endpoints) &gt; audit risks: Tenant B token on Tenant A-scoped data returns empty or 200 with no cross-tenant data" time="0.011468727">
        </testcase>
        <testcase classname="L1-tenant-isolation/tenant-isolation.test.ts" name="L1 — Tenant Isolation: Cross-tenant data access &gt; Cross-tenant GET isolation (T_A reads T_B endpoints) &gt; workflow instances: Tenant B token on Tenant A-scoped data returns empty or 200 with no cross-tenant data" time="0.02694149">
        </testcase>
        <testcase classname="L1-tenant-isolation/tenant-isolation.test.ts" name="L1 — Tenant Isolation: Cross-tenant data access &gt; Cross-tenant GET isolation (T_A reads T_B endpoints) &gt; knowledge docs: Tenant B token on Tenant A-scoped data returns empty or 200 with no cross-tenant data" time="0.004811408">
        </testcase>
        <testcase classname="L1-tenant-isolation/tenant-isolation.test.ts" name="L1 — Tenant Isolation: Cross-tenant data access &gt; Cross-tenant GET isolation (T_A reads T_B endpoints) &gt; analytics dashboards: Tenant B token on Tenant A-scoped data returns empty or 200 with no cross-tenant data" time="0.024631587">
        </testcase>
        <testcase classname="L1-tenant-isolation/tenant-isolation.test.ts" name="L1 — Tenant Isolation: Cross-tenant data access &gt; Cross-tenant GET isolation (T_A reads T_B endpoints) &gt; inventory items: Tenant B token on Tenant A-scoped data returns empty or 200 with no cross-tenant data" time="0.029182349">
        </testcase>
        <testcase classname="L1-tenant-isolation/tenant-isolation.test.ts" name="L1 — Tenant Isolation: Cross-tenant data access &gt; Auth enforcement: No token → 401 &gt; finance sanctions: no auth → 401" time="0.002523214">
        </testcase>
        <testcase classname="L1-tenant-isolation/tenant-isolation.test.ts" name="L1 — Tenant Isolation: Cross-tenant data access &gt; Auth enforcement: No token → 401 &gt; finance bills: no auth → 401" time="0.001779393">
        </testcase>
        <testcase classname="L1-tenant-isolation/tenant-isolation.test.ts" name="L1 — Tenant Isolation: Cross-tenant data access &gt; Auth enforcement: No token → 401 &gt; finance advances: no auth → 401" time="0.001709156">
        </testcase>
        <testcase classname="L1-tenant-isolation/tenant-isolation.test.ts" name="L1 — Tenant Isolation: Cross-tenant data access &gt; Auth enforcement: No token → 401 &gt; finance journals: no auth → 401" time="0.001587515">
        </testcase>
        <testcase classname="L1-tenant-isolation/tenant-isolation.test.ts" name="L1 — Tenant Isolation: Cross-tenant data access &gt; Auth enforcement: No token → 401 &gt; finance budgets: no auth → 401" time="0.001700024">
        </testcase>
        <testcase classname="L1-tenant-isolation/tenant-isolation.test.ts" name="L1 — Tenant Isolation: Cross-tenant data access &gt; Auth enforcement: No token → 401 &gt; finance statements: no auth → 401" time="0.001715959">
        </testcase>
        <testcase classname="L1-tenant-isolation/tenant-isolation.test.ts" name="L1 — Tenant Isolation: Cross-tenant data access &gt; Auth enforcement: No token → 401 &gt; finance UCs: no auth → 401" time="0.001659335">
        </testcase>
        <testcase classname="L1-tenant-isolation/tenant-isolation.test.ts" name="L1 — Tenant Isolation: Cross-tenant data access &gt; Auth enforcement: No token → 401 &gt; hrms employees: no auth → 401" time="0.002738082">
        </testcase>
        <testcase classname="L1-tenant-isolation/tenant-isolation.test.ts" name="L1 — Tenant Isolation: Cross-tenant data access &gt; Auth enforcement: No token → 401 &gt; hrms leave requests: no auth → 401" time="0.00159074">
        </testcase>
        <testcase classname="L1-tenant-isolation/tenant-isolation.test.ts" name="L1 — Tenant Isolation: Cross-tenant data access &gt; Auth enforcement: No token → 401 &gt; hrms attendance: no auth → 401" time="0.001540098">
        </testcase>
        <testcase classname="L1-tenant-isolation/tenant-isolation.test.ts" name="L1 — Tenant Isolation: Cross-tenant data access &gt; Cross-tenant write isolation &gt; POST to finance/bills with wrong tenant token → data isolated" time="0.032157272">
        </testcase>
        <testcase classname="L1-tenant-isolation/tenant-isolation.test.ts" name="L1 — Tenant Isolation: Cross-tenant data access &gt; Cross-tenant write isolation &gt; POST to hrms/employees: cross-tenant creation stays isolated" time="0.023770825">
        </testcase>
        <testcase classname="L1-tenant-isolation/tenant-isolation.test.ts" name="L1 — Tenant Isolation: JWT tenant enforcement &gt; token without tid claim → 401" time="0.006823892">
        </testcase>
        <testcase classname="L1-tenant-isolation/tenant-isolation.test.ts" name="L1 — Tenant Isolation: JWT tenant enforcement &gt; expired token → 401" time="0.00387552">
        </testcase>
    </testsuite>
</testsuites>
