<?xml version="1.0" encoding="UTF-8" ?>
<testsuites name="vitest tests" tests="57" failures="0" errors="0" time="1.322">
    <testsuite name="L1-tenant-isolation/tenant-isolation.test.ts" timestamp="2026-07-27T06:09:03.792Z" hostname="ip-10-0-1-222.ap-south-1.compute.internal" tests="57" failures="0" errors="0" skipped="0" time="0.941591928">
        <testcase classname="L1-tenant-isolation/tenant-isolation.test.ts" name="L1 — Tenant Isolation: Cross-tenant data access &gt; gateway is reachable" time="0.051300082">
        </testcase>
        <testcase classname="L1-tenant-isolation/tenant-isolation.test.ts" name="L1 — Tenant Isolation: Cross-tenant data access &gt; Cross-tenant GET isolation (T_A reads T_B endpoints) &gt; finance sanctions: Tenant B token on Tenant A-scoped data returns empty or 200 with no cross-tenant data" time="0.030900391">
        </testcase>
        <testcase classname="L1-tenant-isolation/tenant-isolation.test.ts" name="L1 — Tenant Isolation: Cross-tenant data access &gt; Cross-tenant GET isolation (T_A reads T_B endpoints) &gt; finance bills: Tenant B token on Tenant A-scoped data returns empty or 200 with no cross-tenant data" time="0.011240697">
        </testcase>
        <testcase classname="L1-tenant-isolation/tenant-isolation.test.ts" name="L1 — Tenant Isolation: Cross-tenant data access &gt; Cross-tenant GET isolation (T_A reads T_B endpoints) &gt; finance advances: Tenant B token on Tenant A-scoped data returns empty or 200 with no cross-tenant data" time="0.010248884">
        </testcase>
        <testcase classname="L1-tenant-isolation/tenant-isolation.test.ts" name="L1 — Tenant Isolation: Cross-tenant data access &gt; Cross-tenant GET isolation (T_A reads T_B endpoints) &gt; finance journals: Tenant B token on Tenant A-scoped data returns empty or 200 with no cross-tenant data" time="0.01276244">
        </testcase>
        <testcase classname="L1-tenant-isolation/tenant-isolation.test.ts" name="L1 — Tenant Isolation: Cross-tenant data access &gt; Cross-tenant GET isolation (T_A reads T_B endpoints) &gt; finance budgets: Tenant B token on Tenant A-scoped data returns empty or 200 with no cross-tenant data" time="0.011169123">
        </testcase>
        <testcase classname="L1-tenant-isolation/tenant-isolation.test.ts" name="L1 — Tenant Isolation: Cross-tenant data access &gt; Cross-tenant GET isolation (T_A reads T_B endpoints) &gt; finance statements: Tenant B token on Tenant A-scoped data returns empty or 200 with no cross-tenant data" time="0.010479579">
        </testcase>
        <testcase classname="L1-tenant-isolation/tenant-isolation.test.ts" name="L1 — Tenant Isolation: Cross-tenant data access &gt; Cross-tenant GET isolation (T_A reads T_B endpoints) &gt; finance UCs: Tenant B token on Tenant A-scoped data returns empty or 200 with no cross-tenant data" time="0.010040399">
        </testcase>
        <testcase classname="L1-tenant-isolation/tenant-isolation.test.ts" name="L1 — Tenant Isolation: Cross-tenant data access &gt; Cross-tenant GET isolation (T_A reads T_B endpoints) &gt; hrms employees: Tenant B token on Tenant A-scoped data returns empty or 200 with no cross-tenant data" time="0.031919076">
        </testcase>
        <testcase classname="L1-tenant-isolation/tenant-isolation.test.ts" name="L1 — Tenant Isolation: Cross-tenant data access &gt; Cross-tenant GET isolation (T_A reads T_B endpoints) &gt; hrms leave requests: Tenant B token on Tenant A-scoped data returns empty or 200 with no cross-tenant data" time="0.016234152">
        </testcase>
        <testcase classname="L1-tenant-isolation/tenant-isolation.test.ts" name="L1 — Tenant Isolation: Cross-tenant data access &gt; Cross-tenant GET isolation (T_A reads T_B endpoints) &gt; hrms attendance: Tenant B token on Tenant A-scoped data returns empty or 200 with no cross-tenant data" time="0.01370563">
        </testcase>
        <testcase classname="L1-tenant-isolation/tenant-isolation.test.ts" name="L1 — Tenant Isolation: Cross-tenant data access &gt; Cross-tenant GET isolation (T_A reads T_B endpoints) &gt; hrms appraisals: Tenant B token on Tenant A-scoped data returns empty or 200 with no cross-tenant data" time="0.01320546">
        </testcase>
        <testcase classname="L1-tenant-isolation/tenant-isolation.test.ts" name="L1 — Tenant Isolation: Cross-tenant data access &gt; Cross-tenant GET isolation (T_A reads T_B endpoints) &gt; procurement indents: Tenant B token on Tenant A-scoped data returns empty or 200 with no cross-tenant data" time="0.02305239">
        </testcase>
        <testcase classname="L1-tenant-isolation/tenant-isolation.test.ts" name="L1 — Tenant Isolation: Cross-tenant data access &gt; Cross-tenant GET isolation (T_A reads T_B endpoints) &gt; procurement vendors: Tenant B token on Tenant A-scoped data returns empty or 200 with no cross-tenant data" time="0.010010483">
        </testcase>
        <testcase classname="L1-tenant-isolation/tenant-isolation.test.ts" name="L1 — Tenant Isolation: Cross-tenant data access &gt; Cross-tenant GET isolation (T_A reads T_B endpoints) &gt; procurement RFQs: Tenant B token on Tenant A-scoped data returns empty or 200 with no cross-tenant data" time="0.01646804">
        </testcase>
        <testcase classname="L1-tenant-isolation/tenant-isolation.test.ts" name="L1 — Tenant Isolation: Cross-tenant data access &gt; Cross-tenant GET isolation (T_A reads T_B endpoints) &gt; procurement GRNs: Tenant B token on Tenant A-scoped data returns empty or 200 with no cross-tenant data" time="0.011743271">
        </testcase>
        <testcase classname="L1-tenant-isolation/tenant-isolation.test.ts" name="L1 — Tenant Isolation: Cross-tenant data access &gt; Cross-tenant GET isolation (T_A reads T_B endpoints) &gt; procurement tenders: Tenant B token on Tenant A-scoped data returns empty or 200 with no cross-tenant data" time="0.009021492">
        </testcase>
        <testcase classname="L1-tenant-isolation/tenant-isolation.test.ts" name="L1 — Tenant Isolation: Cross-tenant data access &gt; Cross-tenant GET isolation (T_A reads T_B endpoints) &gt; citizen tickets: Tenant B token on Tenant A-scoped data returns empty or 200 with no cross-tenant data" time="0.022295301">
        </testcase>
        <testcase classname="L1-tenant-isolation/tenant-isolation.test.ts" name="L1 — Tenant Isolation: Cross-tenant data access &gt; Cross-tenant GET isolation (T_A reads T_B endpoints) &gt; citizen requests: Tenant B token on Tenant A-scoped data returns empty or 200 with no cross-tenant data" time="0.015727255">
        </testcase>
        <testcase classname="L1-tenant-isolation/tenant-isolation.test.ts" name="L1 — Tenant Isolation: Cross-tenant data access &gt; Cross-tenant GET isolation (T_A reads T_B endpoints) &gt; citizen RTI: Tenant B token on Tenant A-scoped data returns empty or 200 with no cross-tenant data" time="0.009538925">
        </testcase>
        <testcase classname="L1-tenant-isolation/tenant-isolation.test.ts" name="L1 — Tenant Isolation: Cross-tenant data access &gt; Cross-tenant GET isolation (T_A reads T_B endpoints) &gt; legal cases: Tenant B token on Tenant A-scoped data returns empty or 200 with no cross-tenant data" time="0.022410633">
        </testcase>
        <testcase classname="L1-tenant-isolation/tenant-isolation.test.ts" name="L1 — Tenant Isolation: Cross-tenant data access &gt; Cross-tenant GET isolation (T_A reads T_B endpoints) &gt; legal hearings: Tenant B token on Tenant A-scoped data returns empty or 200 with no cross-tenant data" time="0.009577144">
        </testcase>
        <testcase classname="L1-tenant-isolation/tenant-isolation.test.ts" name="L1 — Tenant Isolation: Cross-tenant data access &gt; Cross-tenant GET isolation (T_A reads T_B endpoints) &gt; legal court orders: Tenant B token on Tenant A-scoped data returns empty or 200 with no cross-tenant data" time="0.008378956">
        </testcase>
        <testcase classname="L1-tenant-isolation/tenant-isolation.test.ts" name="L1 — Tenant Isolation: Cross-tenant data access &gt; Cross-tenant GET isolation (T_A reads T_B endpoints) &gt; assets: Tenant B token on Tenant A-scoped data returns empty or 200 with no cross-tenant data" time="0.022843585">
        </testcase>
        <testcase classname="L1-tenant-isolation/tenant-isolation.test.ts" name="L1 — Tenant Isolation: Cross-tenant data access &gt; Cross-tenant GET isolation (T_A reads T_B endpoints) &gt; asset maintenance: Tenant B token on Tenant A-scoped data returns empty or 200 with no cross-tenant data" time="0.010778739">
        </testcase>
        <testcase classname="L1-tenant-isolation/tenant-isolation.test.ts" name="L1 — Tenant Isolation: Cross-tenant data access &gt; Cross-tenant GET isolation (T_A reads T_B endpoints) &gt; stock items: Tenant B token on Tenant A-scoped data returns empty or 200 with no cross-tenant data" time="0.024011908">
        </testcase>
        <testcase classname="L1-tenant-isolation/tenant-isolation.test.ts" name="L1 — Tenant Isolation: Cross-tenant data access &gt; Cross-tenant GET isolation (T_A reads T_B endpoints) &gt; stock ledger: Tenant B token on Tenant A-scoped data returns empty or 200 with no cross-tenant data" time="0.008910124">
        </testcase>
        <testcase classname="L1-tenant-isolation/tenant-isolation.test.ts" name="L1 — Tenant Isolation: Cross-tenant data access &gt; Cross-tenant GET isolation (T_A reads T_B endpoints) &gt; projects: Tenant B token on Tenant A-scoped data returns empty or 200 with no cross-tenant data" time="0.023635842">
        </testcase>
        <testcase classname="L1-tenant-isolation/tenant-isolation.test.ts" name="L1 — Tenant Isolation: Cross-tenant data access &gt; Cross-tenant GET isolation (T_A reads T_B endpoints) &gt; project milestones: Tenant B token on Tenant A-scoped data returns empty or 200 with no cross-tenant data" time="0.010319095">
        </testcase>
        <testcase classname="L1-tenant-isolation/tenant-isolation.test.ts" name="L1 — Tenant Isolation: Cross-tenant data access &gt; Cross-tenant GET isolation (T_A reads T_B endpoints) &gt; grants: Tenant B token on Tenant A-scoped data returns empty or 200 with no cross-tenant data" time="0.022092519">
        </testcase>
        <testcase classname="L1-tenant-isolation/tenant-isolation.test.ts" name="L1 — Tenant Isolation: Cross-tenant data access &gt; Cross-tenant GET isolation (T_A reads T_B endpoints) &gt; grantees: Tenant B token on Tenant A-scoped data returns empty or 200 with no cross-tenant data" time="0.00998037">
        </testcase>
        <testcase classname="L1-tenant-isolation/tenant-isolation.test.ts" name="L1 — Tenant Isolation: Cross-tenant data access &gt; Cross-tenant GET isolation (T_A reads T_B endpoints) &gt; grant installments: Tenant B token on Tenant A-scoped data returns empty or 200 with no cross-tenant data" time="0.009810622">
        </testcase>
        <testcase classname="L1-tenant-isolation/tenant-isolation.test.ts" name="L1 — Tenant Isolation: Cross-tenant data access &gt; Cross-tenant GET isolation (T_A reads T_B endpoints) &gt; CRM contacts: Tenant B token on Tenant A-scoped data returns empty or 200 with no cross-tenant data" time="0.027442045">
        </testcase>
        <testcase classname="L1-tenant-isolation/tenant-isolation.test.ts" name="L1 — Tenant Isolation: Cross-tenant data access &gt; Cross-tenant GET isolation (T_A reads T_B endpoints) &gt; CRM deals: Tenant B token on Tenant A-scoped data returns empty or 200 with no cross-tenant data" time="0.012503313">
        </testcase>
        <testcase classname="L1-tenant-isolation/tenant-isolation.test.ts" name="L1 — Tenant Isolation: Cross-tenant data access &gt; Cross-tenant GET isolation (T_A reads T_B endpoints) &gt; estab files: Tenant B token on Tenant A-scoped data returns empty or 200 with no cross-tenant data" time="0.024910331">
        </testcase>
        <testcase classname="L1-tenant-isolation/tenant-isolation.test.ts" name="L1 — Tenant Isolation: Cross-tenant data access &gt; Cross-tenant GET isolation (T_A reads T_B endpoints) &gt; estab meetings: Tenant B token on Tenant A-scoped data returns empty or 200 with no cross-tenant data" time="0.008802456">
        </testcase>
        <testcase classname="L1-tenant-isolation/tenant-isolation.test.ts" name="L1 — Tenant Isolation: Cross-tenant data access &gt; Cross-tenant GET isolation (T_A reads T_B endpoints) &gt; contracts: Tenant B token on Tenant A-scoped data returns empty or 200 with no cross-tenant data" time="0.023714693">
        </testcase>
        <testcase classname="L1-tenant-isolation/tenant-isolation.test.ts" name="L1 — Tenant Isolation: Cross-tenant data access &gt; Cross-tenant GET isolation (T_A reads T_B endpoints) &gt; audit observations: Tenant B token on Tenant A-scoped data returns empty or 200 with no cross-tenant data" time="0.022432352">
        </testcase>
        <testcase classname="L1-tenant-isolation/tenant-isolation.test.ts" name="L1 — Tenant Isolation: Cross-tenant data access &gt; Cross-tenant GET isolation (T_A reads T_B endpoints) &gt; audit risks: Tenant B token on Tenant A-scoped data returns empty or 200 with no cross-tenant data" time="0.010141806">
        </testcase>
        <testcase classname="L1-tenant-isolation/tenant-isolation.test.ts" name="L1 — Tenant Isolation: Cross-tenant data access &gt; Cross-tenant GET isolation (T_A reads T_B endpoints) &gt; workflow instances: Tenant B token on Tenant A-scoped data returns empty or 200 with no cross-tenant data" time="0.024207946">
        </testcase>
        <testcase classname="L1-tenant-isolation/tenant-isolation.test.ts" name="L1 — Tenant Isolation: Cross-tenant data access &gt; Cross-tenant GET isolation (T_A reads T_B endpoints) &gt; knowledge docs: Tenant B token on Tenant A-scoped data returns empty or 200 with no cross-tenant data" time="0.00453281">
        </testcase>
        <testcase classname="L1-tenant-isolation/tenant-isolation.test.ts" name="L1 — Tenant Isolation: Cross-tenant data access &gt; Cross-tenant GET isolation (T_A reads T_B endpoints) &gt; analytics dashboards: Tenant B token on Tenant A-scoped data returns empty or 200 with no cross-tenant data" time="0.022664705">
        </testcase>
        <testcase classname="L1-tenant-isolation/tenant-isolation.test.ts" name="L1 — Tenant Isolation: Cross-tenant data access &gt; Cross-tenant GET isolation (T_A reads T_B endpoints) &gt; inventory items: Tenant B token on Tenant A-scoped data returns empty or 200 with no cross-tenant data" time="0.025443107">
        </testcase>
        <testcase classname="L1-tenant-isolation/tenant-isolation.test.ts" name="L1 — Tenant Isolation: Cross-tenant data access &gt; Auth enforcement: No token → 401 &gt; finance sanctions: no auth → 401" time="0.001494641">
        </testcase>
        <testcase classname="L1-tenant-isolation/tenant-isolation.test.ts" name="L1 — Tenant Isolation: Cross-tenant data access &gt; Auth enforcement: No token → 401 &gt; finance bills: no auth → 401" time="0.001300466">
        </testcase>
        <testcase classname="L1-tenant-isolation/tenant-isolation.test.ts" name="L1 — Tenant Isolation: Cross-tenant data access &gt; Auth enforcement: No token → 401 &gt; finance advances: no auth → 401" time="0.001279527">
        </testcase>
        <testcase classname="L1-tenant-isolation/tenant-isolation.test.ts" name="L1 — Tenant Isolation: Cross-tenant data access &gt; Auth enforcement: No token → 401 &gt; finance journals: no auth → 401" time="0.001201061">
        </testcase>
        <testcase classname="L1-tenant-isolation/tenant-isolation.test.ts" name="L1 — Tenant Isolation: Cross-tenant data access &gt; Auth enforcement: No token → 401 &gt; finance budgets: no auth → 401" time="0.001161504">
        </testcase>
        <testcase classname="L1-tenant-isolation/tenant-isolation.test.ts" name="L1 — Tenant Isolation: Cross-tenant data access &gt; Auth enforcement: No token → 401 &gt; finance statements: no auth → 401" time="0.001132203">
        </testcase>
        <testcase classname="L1-tenant-isolation/tenant-isolation.test.ts" name="L1 — Tenant Isolation: Cross-tenant data access &gt; Auth enforcement: No token → 401 &gt; finance UCs: no auth → 401" time="0.001297258">
        </testcase>
        <testcase classname="L1-tenant-isolation/tenant-isolation.test.ts" name="L1 — Tenant Isolation: Cross-tenant data access &gt; Auth enforcement: No token → 401 &gt; hrms employees: no auth → 401" time="0.001139136">
        </testcase>
        <testcase classname="L1-tenant-isolation/tenant-isolation.test.ts" name="L1 — Tenant Isolation: Cross-tenant data access &gt; Auth enforcement: No token → 401 &gt; hrms leave requests: no auth → 401" time="0.001358362">
        </testcase>
        <testcase classname="L1-tenant-isolation/tenant-isolation.test.ts" name="L1 — Tenant Isolation: Cross-tenant data access &gt; Auth enforcement: No token → 401 &gt; hrms attendance: no auth → 401" time="0.001543724">
        </testcase>
        <testcase classname="L1-tenant-isolation/tenant-isolation.test.ts" name="L1 — Tenant Isolation: Cross-tenant data access &gt; Cross-tenant write isolation &gt; POST to finance/bills with wrong tenant token → data isolated" time="0.028631931">
        </testcase>
        <testcase classname="L1-tenant-isolation/tenant-isolation.test.ts" name="L1 — Tenant Isolation: Cross-tenant data access &gt; Cross-tenant write isolation &gt; POST to hrms/employees: cross-tenant creation stays isolated" time="0.020202193">
        </testcase>
        <testcase classname="L1-tenant-isolation/tenant-isolation.test.ts" name="L1 — Tenant Isolation: JWT tenant enforcement &gt; token without tid claim → 401" time="0.006416449">
        </testcase>
        <testcase classname="L1-tenant-isolation/tenant-isolation.test.ts" name="L1 — Tenant Isolation: JWT tenant enforcement &gt; expired token → 401" time="0.017291402">
        </testcase>
    </testsuite>
</testsuites>
