<?xml version="1.0" encoding="UTF-8" ?>
<testsuites name="vitest tests" tests="168" failures="0" errors="0" time="0.603">
    <testsuite name="L10-domain-correctness/finance-domain.test.ts" timestamp="2026-07-27T15:16:09.261Z" hostname="ip-10-0-1-222.ap-south-1.compute.internal" tests="7" failures="0" errors="0" skipped="0" time="0.038344618">
        <testcase classname="L10-domain-correctness/finance-domain.test.ts" name="L10 — Double-entry journal balance (vs golden oracle) &gt; balanced journals (should NOT throw) &gt; balanced journal" time="0.002360883">
        </testcase>
        <testcase classname="L10-domain-correctness/finance-domain.test.ts" name="L10 — Double-entry journal balance (vs golden oracle) &gt; balanced journals (should NOT throw) &gt; balanced journal" time="0.000670081">
        </testcase>
        <testcase classname="L10-domain-correctness/finance-domain.test.ts" name="L10 — Double-entry journal balance (vs golden oracle) &gt; balanced journals (should NOT throw) &gt; large values OK with bigint" time="0.00051882">
        </testcase>
        <testcase classname="L10-domain-correctness/finance-domain.test.ts" name="L10 — Double-entry journal balance (vs golden oracle) &gt; unbalanced journals (should throw) &gt; off by 1 paise" time="0.000604211">
        </testcase>
        <testcase classname="L10-domain-correctness/finance-domain.test.ts" name="L10 — Double-entry journal balance (vs golden oracle) &gt; unbalanced journals (should throw) &gt; single line" time="0.000339463">
        </testcase>
        <testcase classname="L10-domain-correctness/finance-domain.test.ts" name="L10 — Double-entry: bigint precision (no float drift) &gt; amounts above 2^53 remain precise" time="0.000375952">
        </testcase>
        <testcase classname="L10-domain-correctness/finance-domain.test.ts" name="L10 — Double-entry: bigint precision (no float drift) &gt; off-by-one at scale is caught" time="0.000588891">
        </testcase>
    </testsuite>
    <testsuite name="L10-domain-correctness/fnf-settlement-mutants.test.ts" timestamp="2026-07-27T15:16:09.267Z" hostname="ip-10-0-1-222.ap-south-1.compute.internal" tests="22" failures="0" errors="0" skipped="0" time="0.118737132">
        <testcase classname="L10-domain-correctness/fnf-settlement-mutants.test.ts" name="L10 F&amp;F — separation income adds to FY salary income &gt; taxable separation income raises annual taxable income" time="0.002916601">
        </testcase>
        <testcase classname="L10-domain-correctness/fnf-settlement-mutants.test.ts" name="L10 F&amp;F — separation income adds to FY salary income &gt; notice buyout is fully taxable and adds to taxable income" time="0.000521904">
        </testcase>
        <testcase classname="L10-domain-correctness/fnf-settlement-mutants.test.ts" name="L10 F&amp;F — separation income adds to FY salary income &gt; YTD salary already paid raises taxable income one-for-one" time="0.000806418">
        </testcase>
        <testcase classname="L10-domain-correctness/fnf-settlement-mutants.test.ts" name="L10 F&amp;F — standard deduction is converted rupees to paise &gt; new regime deducts Rs 75,000 = 7,500,000 paise" time="0.000639895">
        </testcase>
        <testcase classname="L10-domain-correctness/fnf-settlement-mutants.test.ts" name="L10 F&amp;F — standard deduction is converted rupees to paise &gt; old regime deducts Rs 50,000 = 5,000,000 paise" time="0.000351459">
        </testcase>
        <testcase classname="L10-domain-correctness/fnf-settlement-mutants.test.ts" name="L10 F&amp;F — standard deduction is converted rupees to paise &gt; the regimes differ by exactly the Rs 25,000 std-deduction gap" time="0.000682856">
        </testcase>
        <testcase classname="L10-domain-correctness/fnf-settlement-mutants.test.ts" name="L10 F&amp;F — Chapter VI-A deductions apply only in the old regime &gt; 80C reduces taxable income in the OLD regime" time="0.000354208">
        </testcase>
        <testcase classname="L10-domain-correctness/fnf-settlement-mutants.test.ts" name="L10 F&amp;F — Chapter VI-A deductions apply only in the old regime &gt; 80C is IGNORED in the NEW regime" time="0.00044691">
        </testcase>
        <testcase classname="L10-domain-correctness/fnf-settlement-mutants.test.ts" name="L10 F&amp;F — Chapter VI-A deductions apply only in the old regime &gt; 80C, 80D and other deductions accumulate ADDITIVELY (old regime)" time="0.000546627">
        </testcase>
        <testcase classname="L10-domain-correctness/fnf-settlement-mutants.test.ts" name="L10 F&amp;F — Chapter VI-A deductions apply only in the old regime &gt; each Chapter VI-A component contributes on its own" time="0.00043223">
        </testcase>
        <testcase classname="L10-domain-correctness/fnf-settlement-mutants.test.ts" name="L10 F&amp;F — negative results are clamped to zero, never emitted &gt; annual taxable income clamps at 0 when deductions exceed income" time="0.000342868">
        </testcase>
        <testcase classname="L10-domain-correctness/fnf-settlement-mutants.test.ts" name="L10 F&amp;F — negative results are clamped to zero, never emitted &gt; no tax is due when taxable income clamps to zero" time="0.000426823">
        </testcase>
        <testcase classname="L10-domain-correctness/fnf-settlement-mutants.test.ts" name="L10 F&amp;F — negative results are clamped to zero, never emitted &gt; TDS on separation clamps at 0 when YTD TDS already exceeds annual tax" time="0.000606836">
        </testcase>
        <testcase classname="L10-domain-correctness/fnf-settlement-mutants.test.ts" name="L10 F&amp;F — negative results are clamped to zero, never emitted &gt; TDS on separation is annual tax minus YTD TDS when positive" time="0.000409528">
        </testcase>
        <testcase classname="L10-domain-correctness/fnf-settlement-mutants.test.ts" name="L10 F&amp;F — annual tax conversion and Sec 288A rounding &gt; annual tax is a whole number of rupees expressed in paise" time="0.000262286">
        </testcase>
        <testcase classname="L10-domain-correctness/fnf-settlement-mutants.test.ts" name="L10 F&amp;F — annual tax conversion and Sec 288A rounding &gt; Sec 87A rebate zeroes the tax below the rebate cap" time="0.000292563">
        </testcase>
        <testcase classname="L10-domain-correctness/fnf-settlement-mutants.test.ts" name="L10 F&amp;F — annual tax conversion and Sec 288A rounding &gt; annual tax above the rebate cap is computed from the slabs by hand" time="0.000295656">
        </testcase>
        <testcase classname="L10-domain-correctness/fnf-settlement-mutants.test.ts" name="L10 F&amp;F — annual tax conversion and Sec 288A rounding &gt; a higher taxable income yields a higher tax (monotonic)" time="0.000246007">
        </testcase>
        <testcase classname="L10-domain-correctness/fnf-settlement-mutants.test.ts" name="L10 F&amp;F — annual tax conversion and Sec 288A rounding &gt; zero income yields zero tax" time="0.000422942">
        </testcase>
        <testcase classname="L10-domain-correctness/fnf-settlement-mutants.test.ts" name="L10 F&amp;F — net payable equals gross less TDS &gt; net = gross - TDS on separation" time="0.000254713">
        </testcase>
        <testcase classname="L10-domain-correctness/fnf-settlement-mutants.test.ts" name="L10 F&amp;F — net payable equals gross less TDS &gt; gross is the sum of all settlement legs" time="0.00027232">
        </testcase>
        <testcase classname="L10-domain-correctness/fnf-settlement-mutants.test.ts" name="L10 F&amp;F — net payable equals gross less TDS &gt; every leg contributes to gross individually" time="0.000637761">
        </testcase>
    </testsuite>
    <testsuite name="L10-domain-correctness/payments-domain-mutants.test.ts" timestamp="2026-07-27T15:16:09.283Z" hostname="ip-10-0-1-222.ap-south-1.compute.internal" tests="64" failures="0" errors="0" skipped="0" time="0.071773968">
        <testcase classname="L10-domain-correctness/payments-domain-mutants.test.ts" name="L10 payments — maker/checker segregation of duties &gt; rejects self-approval when maker and checker are the same actor" time="0.002392711">
        </testcase>
        <testcase classname="L10-domain-correctness/payments-domain-mutants.test.ts" name="L10 payments — maker/checker segregation of duties &gt; permits approval by a different actor" time="0.000450011">
        </testcase>
        <testcase classname="L10-domain-correctness/payments-domain-mutants.test.ts" name="L10 payments — maker/checker segregation of duties &gt; is case- and value-sensitive, not merely a length check" time="0.000680855">
        </testcase>
        <testcase classname="L10-domain-correctness/payments-domain-mutants.test.ts" name="L10 payments — maker/checker segregation of duties &gt; error carries the MAKER_CHECKER_VIOLATION code and a money-path message" time="0.000589556">
        </testcase>
        <testcase classname="L10-domain-correctness/payments-domain-mutants.test.ts" name="L10 payments — maker/checker segregation of duties &gt; does NOT fire when both ids are empty (guard requires both to be truthy)" time="0.000631107">
        </testcase>
        <testcase classname="L10-domain-correctness/payments-domain-mutants.test.ts" name="L10 payments — maker/checker segregation of duties &gt; does NOT fire when only one id is present" time="0.000525827">
        </testcase>
        <testcase classname="L10-domain-correctness/payments-domain-mutants.test.ts" name="L10 payments — three-way match requires both references &gt; accepts when both refs are present" time="0.000372563">
        </testcase>
        <testcase classname="L10-domain-correctness/payments-domain-mutants.test.ts" name="L10 payments — three-way match requires both references &gt; rejects when po null" time="0.000554266">
        </testcase>
        <testcase classname="L10-domain-correctness/payments-domain-mutants.test.ts" name="L10 payments — three-way match requires both references &gt; rejects when grn null" time="0.000518951">
        </testcase>
        <testcase classname="L10-domain-correctness/payments-domain-mutants.test.ts" name="L10 payments — three-way match requires both references &gt; rejects when po undefined" time="0.000309055">
        </testcase>
        <testcase classname="L10-domain-correctness/payments-domain-mutants.test.ts" name="L10 payments — three-way match requires both references &gt; rejects when grn undefined" time="0.000268588">
        </testcase>
        <testcase classname="L10-domain-correctness/payments-domain-mutants.test.ts" name="L10 payments — three-way match requires both references &gt; rejects when po empty string" time="0.000452621">
        </testcase>
        <testcase classname="L10-domain-correctness/payments-domain-mutants.test.ts" name="L10 payments — three-way match requires both references &gt; rejects when grn empty string" time="0.000637056">
        </testcase>
        <testcase classname="L10-domain-correctness/payments-domain-mutants.test.ts" name="L10 payments — three-way match requires both references &gt; rejects when both missing" time="0.00033971">
        </testcase>
        <testcase classname="L10-domain-correctness/payments-domain-mutants.test.ts" name="L10 payments — all three legs must be positive &gt; accepts three equal positive legs" time="0.000422639">
        </testcase>
        <testcase classname="L10-domain-correctness/payments-domain-mutants.test.ts" name="L10 payments — all three legs must be positive &gt; rejects when po is zero" time="0.000469638">
        </testcase>
        <testcase classname="L10-domain-correctness/payments-domain-mutants.test.ts" name="L10 payments — all three legs must be positive &gt; rejects when grn is zero" time="0.000276382">
        </testcase>
        <testcase classname="L10-domain-correctness/payments-domain-mutants.test.ts" name="L10 payments — all three legs must be positive &gt; rejects when invoice is zero" time="0.000255861">
        </testcase>
        <testcase classname="L10-domain-correctness/payments-domain-mutants.test.ts" name="L10 payments — all three legs must be positive &gt; rejects when po is negative" time="0.000228038">
        </testcase>
        <testcase classname="L10-domain-correctness/payments-domain-mutants.test.ts" name="L10 payments — all three legs must be positive &gt; rejects when grn is negative" time="0.00023164">
        </testcase>
        <testcase classname="L10-domain-correctness/payments-domain-mutants.test.ts" name="L10 payments — all three legs must be positive &gt; rejects when invoice is negative" time="0.000233223">
        </testcase>
        <testcase classname="L10-domain-correctness/payments-domain-mutants.test.ts" name="L10 payments — all three legs must be positive &gt; one paise on every leg is enough to reconcile" time="0.000347923">
        </testcase>
        <testcase classname="L10-domain-correctness/payments-domain-mutants.test.ts" name="L10 payments — tolerance boundary is exclusive (exactly-at-limit is allowed) &gt; default tolerance is 2 percent" time="0.000198294">
        </testcase>
        <testcase classname="L10-domain-correctness/payments-domain-mutants.test.ts" name="L10 payments — tolerance boundary is exclusive (exactly-at-limit is allowed) &gt; GRN exactly 2% over PO is ALLOWED (boundary exclusive)" time="0.00054259">
        </testcase>
        <testcase classname="L10-domain-correctness/payments-domain-mutants.test.ts" name="L10 payments — tolerance boundary is exclusive (exactly-at-limit is allowed) &gt; GRN just above 2% over PO is REJECTED" time="0.000416272">
        </testcase>
        <testcase classname="L10-domain-correctness/payments-domain-mutants.test.ts" name="L10 payments — tolerance boundary is exclusive (exactly-at-limit is allowed) &gt; invoice exactly 2% over GRN is ALLOWED" time="0.000303459">
        </testcase>
        <testcase classname="L10-domain-correctness/payments-domain-mutants.test.ts" name="L10 payments — tolerance boundary is exclusive (exactly-at-limit is allowed) &gt; invoice just above 2% over GRN is REJECTED" time="0.000317236">
        </testcase>
        <testcase classname="L10-domain-correctness/payments-domain-mutants.test.ts" name="L10 payments — tolerance boundary is exclusive (exactly-at-limit is allowed) &gt; invoice over PO is rejected even when it is within tolerance of GRN" time="0.000537413">
        </testcase>
        <testcase classname="L10-domain-correctness/payments-domain-mutants.test.ts" name="L10 payments — tolerance boundary is exclusive (exactly-at-limit is allowed) &gt; a custom tolerance is honoured" time="0.000480428">
        </testcase>
        <testcase classname="L10-domain-correctness/payments-domain-mutants.test.ts" name="L10 payments — tolerance boundary is exclusive (exactly-at-limit is allowed) &gt; zero tolerance rejects any overage but still allows an exact match" time="0.000451185">
        </testcase>
        <testcase classname="L10-domain-correctness/payments-domain-mutants.test.ts" name="L10 payments — under-billing is permitted &gt; invoice far below GRN and PO reconciles" time="0.000377937">
        </testcase>
        <testcase classname="L10-domain-correctness/payments-domain-mutants.test.ts" name="L10 payments — under-billing is permitted &gt; GRN far below PO reconciles (partial delivery)" time="0.000295509">
        </testcase>
        <testcase classname="L10-domain-correctness/payments-domain-mutants.test.ts" name="L10 payments — payment mode allowlist &gt; accepts NEFT" time="0.000345256">
        </testcase>
        <testcase classname="L10-domain-correctness/payments-domain-mutants.test.ts" name="L10 payments — payment mode allowlist &gt; accepts RTGS" time="0.000222819">
        </testcase>
        <testcase classname="L10-domain-correctness/payments-domain-mutants.test.ts" name="L10 payments — payment mode allowlist &gt; accepts IMPS" time="0.000212062">
        </testcase>
        <testcase classname="L10-domain-correctness/payments-domain-mutants.test.ts" name="L10 payments — payment mode allowlist &gt; accepts DBT" time="0.000199877">
        </testcase>
        <testcase classname="L10-domain-correctness/payments-domain-mutants.test.ts" name="L10 payments — payment mode allowlist &gt; accepts PFMS" time="0.00019342">
        </testcase>
        <testcase classname="L10-domain-correctness/payments-domain-mutants.test.ts" name="L10 payments — payment mode allowlist &gt; accepts cheque" time="0.000206064">
        </testcase>
        <testcase classname="L10-domain-correctness/payments-domain-mutants.test.ts" name="L10 payments — payment mode allowlist &gt; rejects &quot;neft&quot;" time="0.002156263">
        </testcase>
        <testcase classname="L10-domain-correctness/payments-domain-mutants.test.ts" name="L10 payments — payment mode allowlist &gt; rejects &quot;CHEQUE&quot;" time="0.000268825">
        </testcase>
        <testcase classname="L10-domain-correctness/payments-domain-mutants.test.ts" name="L10 payments — payment mode allowlist &gt; rejects &quot;UPI&quot;" time="0.000226388">
        </testcase>
        <testcase classname="L10-domain-correctness/payments-domain-mutants.test.ts" name="L10 payments — payment mode allowlist &gt; rejects &quot;cash&quot;" time="0.000213548">
        </testcase>
        <testcase classname="L10-domain-correctness/payments-domain-mutants.test.ts" name="L10 payments — payment mode allowlist &gt; rejects &quot;&quot;" time="0.000204087">
        </testcase>
        <testcase classname="L10-domain-correctness/payments-domain-mutants.test.ts" name="L10 payments — payment mode allowlist &gt; rejects &quot;NEFT &quot;" time="0.000208542">
        </testcase>
        <testcase classname="L10-domain-correctness/payments-domain-mutants.test.ts" name="L10 payments — payment mode allowlist &gt; rejects &quot;wire&quot;" time="0.000208788">
        </testcase>
        <testcase classname="L10-domain-correctness/payments-domain-mutants.test.ts" name="L10 payments — payment mode allowlist &gt; the rejection message lists the permitted modes" time="0.00026963">
        </testcase>
        <testcase classname="L10-domain-correctness/payments-domain-mutants.test.ts" name="L10 payments — payment requires bill.status = passed &gt; accepts &apos;passed&apos;" time="0.000282044">
        </testcase>
        <testcase classname="L10-domain-correctness/payments-domain-mutants.test.ts" name="L10 payments — payment requires bill.status = passed &gt; rejects &quot;draft&quot;" time="0.005039322">
        </testcase>
        <testcase classname="L10-domain-correctness/payments-domain-mutants.test.ts" name="L10 payments — payment requires bill.status = passed &gt; rejects &quot;submitted&quot;" time="0.00021829">
        </testcase>
        <testcase classname="L10-domain-correctness/payments-domain-mutants.test.ts" name="L10 payments — payment requires bill.status = passed &gt; rejects &quot;approved&quot;" time="0.000185404">
        </testcase>
        <testcase classname="L10-domain-correctness/payments-domain-mutants.test.ts" name="L10 payments — payment requires bill.status = passed &gt; rejects &quot;rejected&quot;" time="0.000189539">
        </testcase>
        <testcase classname="L10-domain-correctness/payments-domain-mutants.test.ts" name="L10 payments — payment requires bill.status = passed &gt; rejects &quot;paid&quot;" time="0.000178158">
        </testcase>
        <testcase classname="L10-domain-correctness/payments-domain-mutants.test.ts" name="L10 payments — payment requires bill.status = passed &gt; rejects &quot;&quot;" time="0.000175689">
        </testcase>
        <testcase classname="L10-domain-correctness/payments-domain-mutants.test.ts" name="L10 payments — payment requires bill.status = passed &gt; rejects &quot;PASSED&quot;" time="0.000212177">
        </testcase>
        <testcase classname="L10-domain-correctness/payments-domain-mutants.test.ts" name="L10 payments — payment requires bill.status = passed &gt; rejects &quot;passed &quot;" time="0.00020366">
        </testcase>
        <testcase classname="L10-domain-correctness/payments-domain-mutants.test.ts" name="L10 payments — payment requires bill.status = passed &gt; the error reports the offending status" time="0.00020878">
        </testcase>
        <testcase classname="L10-domain-correctness/payments-domain-mutants.test.ts" name="L10 payments — bill stage progression &gt; section advances to accounts" time="0.000192116">
        </testcase>
        <testcase classname="L10-domain-correctness/payments-domain-mutants.test.ts" name="L10 payments — bill stage progression &gt; accounts advances to pay" time="0.000147431">
        </testcase>
        <testcase classname="L10-domain-correctness/payments-domain-mutants.test.ts" name="L10 payments — bill stage progression &gt; pay is terminal" time="0.000276628">
        </testcase>
        <testcase classname="L10-domain-correctness/payments-domain-mutants.test.ts" name="L10 payments — bill stage progression &gt; rejects unknown stage &quot;&quot;" time="0.000308267">
        </testcase>
        <testcase classname="L10-domain-correctness/payments-domain-mutants.test.ts" name="L10 payments — bill stage progression &gt; rejects unknown stage &quot;unknown&quot;" time="0.000187676">
        </testcase>
        <testcase classname="L10-domain-correctness/payments-domain-mutants.test.ts" name="L10 payments — bill stage progression &gt; rejects unknown stage &quot;Section&quot;" time="0.000195955">
        </testcase>
        <testcase classname="L10-domain-correctness/payments-domain-mutants.test.ts" name="L10 payments — bill stage progression &gt; rejects unknown stage &quot;PAY&quot;" time="0.00021262">
        </testcase>
        <testcase classname="L10-domain-correctness/payments-domain-mutants.test.ts" name="L10 payments — bill stage progression &gt; progression cannot skip a stage" time="0.000692531">
        </testcase>
    </testsuite>
    <testsuite name="L10-domain-correctness/payroll-domain.test.ts" timestamp="2026-07-27T15:16:09.318Z" hostname="ip-10-0-1-222.ap-south-1.compute.internal" tests="19" failures="0" errors="0" skipped="0" time="0.099536655">
        <testcase classname="L10-domain-correctness/payroll-domain.test.ts" name="L10 — Gratuity computation (vs golden oracle) &gt; &lt;5 years → 0" time="0.001662362">
        </testcase>
        <testcase classname="L10-domain-correctness/payroll-domain.test.ts" name="L10 — Gratuity computation (vs golden oracle) &gt; (56000+28000)*15*5/26 = 242307.69 → 242308 paise" time="0.000317777">
        </testcase>
        <testcase classname="L10-domain-correctness/payroll-domain.test.ts" name="L10 — Gratuity computation (vs golden oracle) &gt; 84000*15*10/26 = 484615.38 → rounds" time="0.000235848">
        </testcase>
        <testcase classname="L10-domain-correctness/payroll-domain.test.ts" name="L10 — Gratuity computation (vs golden oracle) &gt; 6 months in last year → rounds UP to 11 years: 84000*15*11/26 = 533076.92" time="0.000224296">
        </testcase>
        <testcase classname="L10-domain-correctness/payroll-domain.test.ts" name="L10 — Gratuity computation (vs golden oracle) &gt; capped at 20 lakh" time="0.00470547">
        </testcase>
        <testcase classname="L10-domain-correctness/payroll-domain.test.ts" name="L10 — Gratuity computation (vs golden oracle) &gt; 84000*15*25/26 = 1211538.46" time="0.000200436">
        </testcase>
        <testcase classname="L10-domain-correctness/payroll-domain.test.ts" name="L10 — Additional pension % by age (vs golden oracle) &gt; age 79 → 0%" time="0.000355693">
        </testcase>
        <testcase classname="L10-domain-correctness/payroll-domain.test.ts" name="L10 — Additional pension % by age (vs golden oracle) &gt; age 80 → 20%" time="0.000194158">
        </testcase>
        <testcase classname="L10-domain-correctness/payroll-domain.test.ts" name="L10 — Additional pension % by age (vs golden oracle) &gt; age 84 → 20%" time="0.000400337">
        </testcase>
        <testcase classname="L10-domain-correctness/payroll-domain.test.ts" name="L10 — Additional pension % by age (vs golden oracle) &gt; age 85 → 30%" time="0.000211717">
        </testcase>
        <testcase classname="L10-domain-correctness/payroll-domain.test.ts" name="L10 — Additional pension % by age (vs golden oracle) &gt; age 89 → 30%" time="0.000177297">
        </testcase>
        <testcase classname="L10-domain-correctness/payroll-domain.test.ts" name="L10 — Additional pension % by age (vs golden oracle) &gt; age 90 → 40%" time="0.000169846">
        </testcase>
        <testcase classname="L10-domain-correctness/payroll-domain.test.ts" name="L10 — Additional pension % by age (vs golden oracle) &gt; age 95 → 50%" time="0.000541548">
        </testcase>
        <testcase classname="L10-domain-correctness/payroll-domain.test.ts" name="L10 — Additional pension % by age (vs golden oracle) &gt; age 100 → 100%" time="0.000235759">
        </testcase>
        <testcase classname="L10-domain-correctness/payroll-domain.test.ts" name="L10 — EPF computation (vs golden oracle) &gt; 12% of 15000 (both under cap)" time="0.003244151">
        </testcase>
        <testcase classname="L10-domain-correctness/payroll-domain.test.ts" name="L10 — EPF computation (vs golden oracle) &gt; basic+DA 37500 &gt; cap 15000 → 12% of 15000" time="0.00026016">
        </testcase>
        <testcase classname="L10-domain-correctness/payroll-domain.test.ts" name="L10 — EPF computation (vs golden oracle) &gt; 12% of 10000" time="0.000415254">
        </testcase>
        <testcase classname="L10-domain-correctness/payroll-domain.test.ts" name="L10 — Pension computation (basic + DR + additional) &gt; pensioner aged 82 gets 20% additional pension" time="0.000577117">
        </testcase>
        <testcase classname="L10-domain-correctness/payroll-domain.test.ts" name="L10 — Pension computation (basic + DR + additional) &gt; commutation deducted before restoration (15-year rule)" time="0.000342934">
        </testcase>
    </testsuite>
    <testsuite name="L10-domain-correctness/payroll-slip-mutants.test.ts" timestamp="2026-07-27T15:16:09.326Z" hostname="ip-10-0-1-222.ap-south-1.compute.internal" tests="56" failures="0" errors="0" skipped="0" time="0.114564429">
        <testcase classname="L10-domain-correctness/payroll-slip-mutants.test.ts" name="L10 payroll — zero-valued lines are omitted from the slip &gt; DA line is absent when the DA rate is 0" time="0.003612758">
        </testcase>
        <testcase classname="L10-domain-correctness/payroll-slip-mutants.test.ts" name="L10 payroll — zero-valued lines are omitted from the slip &gt; DA line is present and exact when the rate is set" time="0.000495353">
        </testcase>
        <testcase classname="L10-domain-correctness/payroll-slip-mutants.test.ts" name="L10 payroll — zero-valued lines are omitted from the slip &gt; HRA line is absent when the city slab yields 0 (basic 0)" time="0.000649749">
        </testcase>
        <testcase classname="L10-domain-correctness/payroll-slip-mutants.test.ts" name="L10 payroll — zero-valued lines are omitted from the slip &gt; a raw component computing to 0 is skipped entirely" time="0.000477531">
        </testcase>
        <testcase classname="L10-domain-correctness/payroll-slip-mutants.test.ts" name="L10 payroll — HRA slab by city class and DA tier (vs golden fixture) &gt; golden fixture is populated (guards against an empty case list)" time="0.000319886">
        </testcase>
        <testcase classname="L10-domain-correctness/payroll-slip-mutants.test.ts" name="L10 payroll — HRA slab by city class and DA tier (vs golden fixture) &gt; X at DA 0% -&gt; 24%" time="0.000242183">
        </testcase>
        <testcase classname="L10-domain-correctness/payroll-slip-mutants.test.ts" name="L10 payroll — HRA slab by city class and DA tier (vs golden fixture) &gt; X at DA 49.99% -&gt; 24%" time="0.000193617">
        </testcase>
        <testcase classname="L10-domain-correctness/payroll-slip-mutants.test.ts" name="L10 payroll — HRA slab by city class and DA tier (vs golden fixture) &gt; X at DA 50% -&gt; 27%" time="0.000417748">
        </testcase>
        <testcase classname="L10-domain-correctness/payroll-slip-mutants.test.ts" name="L10 payroll — HRA slab by city class and DA tier (vs golden fixture) &gt; X at DA 100% -&gt; 30%" time="0.000230441">
        </testcase>
        <testcase classname="L10-domain-correctness/payroll-slip-mutants.test.ts" name="L10 payroll — HRA slab by city class and DA tier (vs golden fixture) &gt; Y at DA 0% -&gt; 16%" time="0.000187414">
        </testcase>
        <testcase classname="L10-domain-correctness/payroll-slip-mutants.test.ts" name="L10 payroll — HRA slab by city class and DA tier (vs golden fixture) &gt; Y at DA 50% -&gt; 18%" time="0.000177576">
        </testcase>
        <testcase classname="L10-domain-correctness/payroll-slip-mutants.test.ts" name="L10 payroll — HRA slab by city class and DA tier (vs golden fixture) &gt; Y at DA 100% -&gt; 20%" time="0.000386126">
        </testcase>
        <testcase classname="L10-domain-correctness/payroll-slip-mutants.test.ts" name="L10 payroll — HRA slab by city class and DA tier (vs golden fixture) &gt; Z at DA 0% -&gt; 8%" time="0.000471837">
        </testcase>
        <testcase classname="L10-domain-correctness/payroll-slip-mutants.test.ts" name="L10 payroll — HRA slab by city class and DA tier (vs golden fixture) &gt; Z at DA 50% -&gt; 9%" time="0.000213448">
        </testcase>
        <testcase classname="L10-domain-correctness/payroll-slip-mutants.test.ts" name="L10 payroll — HRA slab by city class and DA tier (vs golden fixture) &gt; Z at DA 100% -&gt; 10%" time="0.000185198">
        </testcase>
        <testcase classname="L10-domain-correctness/payroll-slip-mutants.test.ts" name="L10 payroll — HRA slab by city class and DA tier (vs golden fixture) &gt; HRA amount equals slab pct of basic" time="0.000432781">
        </testcase>
        <testcase classname="L10-domain-correctness/payroll-slip-mutants.test.ts" name="L10 payroll — ESI applies only at or below the Rs 21,000 gross ceiling &gt; employee ESI is 0.75% of gross when gross &lt;= cap" time="0.000398524">
        </testcase>
        <testcase classname="L10-domain-correctness/payroll-slip-mutants.test.ts" name="L10 payroll — ESI applies only at or below the Rs 21,000 gross ceiling &gt; employer ESI is 3.25% of gross when gross &lt;= cap" time="0.000270639">
        </testcase>
        <testcase classname="L10-domain-correctness/payroll-slip-mutants.test.ts" name="L10 payroll — ESI applies only at or below the Rs 21,000 gross ceiling &gt; ESI is charged at exactly the cap (boundary is inclusive)" time="0.000671682">
        </testcase>
        <testcase classname="L10-domain-correctness/payroll-slip-mutants.test.ts" name="L10 payroll — ESI applies only at or below the Rs 21,000 gross ceiling &gt; ESI is zero one paise above the cap" time="0.000396227">
        </testcase>
        <testcase classname="L10-domain-correctness/payroll-slip-mutants.test.ts" name="L10 payroll — professional tax line &gt; PT line is omitted when ptMinor is 0" time="0.000616042">
        </testcase>
        <testcase classname="L10-domain-correctness/payroll-slip-mutants.test.ts" name="L10 payroll — professional tax line &gt; PT line is present and rounded to the rupee when set" time="0.000372498">
        </testcase>
        <testcase classname="L10-domain-correctness/payroll-slip-mutants.test.ts" name="L10 payroll — EPF 12% of (basic+DA) capped at the Rs 15,000 wage ceiling &gt; below the ceiling, PF is 12% of basic+DA" time="0.000267866">
        </testcase>
        <testcase classname="L10-domain-correctness/payroll-slip-mutants.test.ts" name="L10 payroll — EPF 12% of (basic+DA) capped at the Rs 15,000 wage ceiling &gt; above the ceiling, PF is 12% of the ceiling, not of actual pay" time="0.000253645">
        </testcase>
        <testcase classname="L10-domain-correctness/payroll-slip-mutants.test.ts" name="L10 payroll — EPF 12% of (basic+DA) capped at the Rs 15,000 wage ceiling &gt; at exactly the ceiling, PF is 12% of the ceiling" time="0.000254705">
        </testcase>
        <testcase classname="L10-domain-correctness/payroll-slip-mutants.test.ts" name="L10 payroll — declared extra income raises annual taxable income &gt; perquisites add to taxable income" time="0.002835756">
        </testcase>
        <testcase classname="L10-domain-correctness/payroll-slip-mutants.test.ts" name="L10 payroll — declared extra income raises annual taxable income &gt; previous-employer salary adds to taxable income (Sec 192(2))" time="0.000375074">
        </testcase>
        <testcase classname="L10-domain-correctness/payroll-slip-mutants.test.ts" name="L10 payroll — declared extra income raises annual taxable income &gt; other-sources income adds to taxable income" time="0.000266971">
        </testcase>
        <testcase classname="L10-domain-correctness/payroll-slip-mutants.test.ts" name="L10 payroll — declared extra income raises annual taxable income &gt; all three accumulate additively" time="0.000265896">
        </testcase>
        <testcase classname="L10-domain-correctness/payroll-slip-mutants.test.ts" name="L10 payroll — declared extra income raises annual taxable income &gt; annual gross is 12x the monthly gross (not a division)" time="0.000228685">
        </testcase>
        <testcase classname="L10-domain-correctness/payroll-slip-mutants.test.ts" name="L10 payroll — old regime deductions (previously uncovered) &gt; old regime applies a Rs 50,000 standard deduction, new regime Rs 75,000" time="0.000421458">
        </testcase>
        <testcase classname="L10-domain-correctness/payroll-slip-mutants.test.ts" name="L10 payroll — old regime deductions (previously uncovered) &gt; 80C reduces taxable income and is capped at Rs 1,50,000" time="0.000370963">
        </testcase>
        <testcase classname="L10-domain-correctness/payroll-slip-mutants.test.ts" name="L10 payroll — old regime deductions (previously uncovered) &gt; 80D reduces taxable income and is capped at Rs 75,000" time="0.000318204">
        </testcase>
        <testcase classname="L10-domain-correctness/payroll-slip-mutants.test.ts" name="L10 payroll — old regime deductions (previously uncovered) &gt; PT is deductible in the old regime (12 months&apos; worth)" time="0.001105997">
        </testcase>
        <testcase classname="L10-domain-correctness/payroll-slip-mutants.test.ts" name="L10 payroll — old regime deductions (previously uncovered) &gt; Sec 10(13A) HRA exemption is the least of the three statutory limits" time="0.002745007">
        </testcase>
        <testcase classname="L10-domain-correctness/payroll-slip-mutants.test.ts" name="L10 payroll — old regime deductions (previously uncovered) &gt; a low rent yields a smaller exemption (limit b binds)" time="0.00030341">
        </testcase>
        <testcase classname="L10-domain-correctness/payroll-slip-mutants.test.ts" name="L10 payroll — old regime deductions (previously uncovered) &gt; rent below 10% of salary yields no exemption (b clamps at 0)" time="0.00026204">
        </testcase>
        <testcase classname="L10-domain-correctness/payroll-slip-mutants.test.ts" name="L10 payroll — protected net floor caps recovery and carries the rest &gt; recovery within headroom is applied in full with no carry-forward" time="0.000360977">
        </testcase>
        <testcase classname="L10-domain-correctness/payroll-slip-mutants.test.ts" name="L10 payroll — protected net floor caps recovery and carries the rest &gt; recovery exceeding headroom is trimmed and the remainder carried forward" time="0.000441921">
        </testcase>
        <testcase classname="L10-domain-correctness/payroll-slip-mutants.test.ts" name="L10 payroll — protected net floor caps recovery and carries the rest &gt; net pay never falls below the protected floor" time="0.000288123">
        </testcase>
        <testcase classname="L10-domain-correctness/payroll-slip-mutants.test.ts" name="L10 payroll — protected net floor caps recovery and carries the rest &gt; a fully-trimmed recovery line is dropped from the slip" time="0.000544305">
        </testcase>
        <testcase classname="L10-domain-correctness/payroll-slip-mutants.test.ts" name="L10 payroll — protected net floor caps recovery and carries the rest &gt; statutory deductions are NOT subject to the floor" time="0.00027621">
        </testcase>
        <testcase classname="L10-domain-correctness/payroll-slip-mutants.test.ts" name="L10 payroll — gross/deduction/net conservation &gt; gross equals the sum of earning lines" time="0.000324341">
        </testcase>
        <testcase classname="L10-domain-correctness/payroll-slip-mutants.test.ts" name="L10 payroll — gross/deduction/net conservation &gt; net equals gross minus total deductions" time="0.000263541">
        </testcase>
        <testcase classname="L10-domain-correctness/payroll-slip-mutants.test.ts" name="L10 payroll — gross/deduction/net conservation &gt; raw components route to earnings or deductions by type" time="0.000466053">
        </testcase>
        <testcase classname="L10-domain-correctness/payroll-slip-mutants.test.ts" name="L10 payroll — gross/deduction/net conservation &gt; pctOfBasic takes precedence over fixedMinor when both are present" time="0.000255262">
        </testcase>
        <testcase classname="L10-domain-correctness/payroll-slip-mutants.test.ts" name="L10 payroll — gross/deduction/net conservation &gt; fixedMinor is used when pctOfBasic is absent or zero" time="0.000251332">
        </testcase>
        <testcase classname="L10-domain-correctness/payroll-slip-mutants.test.ts" name="L10 payroll — gross/deduction/net conservation &gt; BASIC/DA/HRA raw components are ignored (handled ahead of the loop)" time="0.000631476">
        </testcase>
        <testcase classname="L10-domain-correctness/payroll-slip-mutants.test.ts" name="L10 payroll — roundRupee is round-half-up and sign-symmetric &gt; roundRupee(0) = 0" time="0.00018835">
        </testcase>
        <testcase classname="L10-domain-correctness/payroll-slip-mutants.test.ts" name="L10 payroll — roundRupee is round-half-up and sign-symmetric &gt; roundRupee(49) = 0" time="0.000124299">
        </testcase>
        <testcase classname="L10-domain-correctness/payroll-slip-mutants.test.ts" name="L10 payroll — roundRupee is round-half-up and sign-symmetric &gt; roundRupee(50) = 100" time="0.000221202">
        </testcase>
        <testcase classname="L10-domain-correctness/payroll-slip-mutants.test.ts" name="L10 payroll — roundRupee is round-half-up and sign-symmetric &gt; roundRupee(51) = 100" time="0.000124086">
        </testcase>
        <testcase classname="L10-domain-correctness/payroll-slip-mutants.test.ts" name="L10 payroll — roundRupee is round-half-up and sign-symmetric &gt; roundRupee(149) = 100" time="0.000142983">
        </testcase>
        <testcase classname="L10-domain-correctness/payroll-slip-mutants.test.ts" name="L10 payroll — roundRupee is round-half-up and sign-symmetric &gt; roundRupee(150) = 200" time="0.000129871">
        </testcase>
        <testcase classname="L10-domain-correctness/payroll-slip-mutants.test.ts" name="L10 payroll — roundRupee is round-half-up and sign-symmetric &gt; roundRupee(100) = 100" time="0.000118006">
        </testcase>
        <testcase classname="L10-domain-correctness/payroll-slip-mutants.test.ts" name="L10 payroll — roundRupee is round-half-up and sign-symmetric &gt; negative amounts round symmetrically" time="0.000193157">
        </testcase>
    </testsuite>
</testsuites>
