<?xml version="1.0" encoding="UTF-8" ?>
<testsuites name="vitest tests" tests="28" failures="0" errors="0" time="0.897">
    <testsuite name="L4-api-contract/input-validation.test.ts" timestamp="2026-07-27T15:16:00.766Z" hostname="ip-10-0-1-222.ap-south-1.compute.internal" tests="28" failures="0" errors="0" skipped="0" time="0.519151933">
        <testcase classname="L4-api-contract/input-validation.test.ts" name="L4 — SQL Injection resistance &gt; GET with SQLi in query param: &apos;; DROP TABLE users; --..." time="0.076259162">
        </testcase>
        <testcase classname="L4-api-contract/input-validation.test.ts" name="L4 — SQL Injection resistance &gt; GET with SQLi in query param: 1&apos; OR &apos;1&apos;=&apos;1..." time="0.016229689">
        </testcase>
        <testcase classname="L4-api-contract/input-validation.test.ts" name="L4 — SQL Injection resistance &gt; GET with SQLi in query param: 1; SELECT * FROM pg_tables --..." time="0.012128371">
        </testcase>
        <testcase classname="L4-api-contract/input-validation.test.ts" name="L4 — SQL Injection resistance &gt; GET with SQLi in query param: &apos; UNION SELECT null,null,null ..." time="0.011996982">
        </testcase>
        <testcase classname="L4-api-contract/input-validation.test.ts" name="L4 — SQL Injection resistance &gt; GET with SQLi in query param: admin&apos;/*..." time="0.013133501">
        </testcase>
        <testcase classname="L4-api-contract/input-validation.test.ts" name="L4 — SQL Injection resistance &gt; GET with SQLi in query param: 1&apos;; WAITFOR DELAY &apos;0:0:5&apos; --..." time="0.020879816">
        </testcase>
        <testcase classname="L4-api-contract/input-validation.test.ts" name="L4 — SQL Injection resistance &gt; /api/v1/meeting/committees: SQLi in query param does not 500" time="0.011464878">
        </testcase>
        <testcase classname="L4-api-contract/input-validation.test.ts" name="L4 — SQL Injection resistance &gt; /api/v1/meeting/committees: UNION SELECT probe does not leak or 500" time="0.010762731">
        </testcase>
        <testcase classname="L4-api-contract/input-validation.test.ts" name="L4 — SQL Injection resistance &gt; /api/v1/court/cases: SQLi in query param does not 500" time="0.0109493">
        </testcase>
        <testcase classname="L4-api-contract/input-validation.test.ts" name="L4 — SQL Injection resistance &gt; /api/v1/court/cases: UNION SELECT probe does not leak or 500" time="0.010577885">
        </testcase>
        <testcase classname="L4-api-contract/input-validation.test.ts" name="L4 — SQL Injection resistance &gt; /api/v1/visitor/badges/templates: SQLi in query param does not 500" time="0.011120303">
        </testcase>
        <testcase classname="L4-api-contract/input-validation.test.ts" name="L4 — SQL Injection resistance &gt; /api/v1/visitor/badges/templates: UNION SELECT probe does not leak or 500" time="0.010460888">
        </testcase>
        <testcase classname="L4-api-contract/input-validation.test.ts" name="L4 — SQL Injection resistance &gt; /api/v1/inspection/assignments: SQLi in query param does not 500" time="0.010959351">
        </testcase>
        <testcase classname="L4-api-contract/input-validation.test.ts" name="L4 — SQL Injection resistance &gt; /api/v1/inspection/assignments: UNION SELECT probe does not leak or 500" time="0.010028519">
        </testcase>
        <testcase classname="L4-api-contract/input-validation.test.ts" name="L4 — SQL Injection resistance &gt; POST with SQLi in body field" time="0.025195395">
        </testcase>
        <testcase classname="L4-api-contract/input-validation.test.ts" name="L4 — Path traversal resistance &gt; traversal: /api/v1/finance/../../../etc/passwd..." time="0.004612499">
        </testcase>
        <testcase classname="L4-api-contract/input-validation.test.ts" name="L4 — Path traversal resistance &gt; traversal: /api/v1/finance/bills/..%2f..%2f..%2fetc..." time="0.006257327">
        </testcase>
        <testcase classname="L4-api-contract/input-validation.test.ts" name="L4 — Path traversal resistance &gt; traversal: /api/v1/finance/bills/%2e%2e/%2e%2e/etc/..." time="0.003988086">
        </testcase>
        <testcase classname="L4-api-contract/input-validation.test.ts" name="L4 — Path traversal resistance &gt; new surface traversal: /api/v1/court/../../../etc/passwd..." time="0.004121815">
        </testcase>
        <testcase classname="L4-api-contract/input-validation.test.ts" name="L4 — Path traversal resistance &gt; new surface traversal: /api/v1/visitor/badges/..%2f..%2f..%2fetc%2f..." time="0.006134503">
        </testcase>
        <testcase classname="L4-api-contract/input-validation.test.ts" name="L4 — Path traversal resistance &gt; new surface traversal: /api/v1/inspection/%2e%2e/%2e%2e/etc/shadow..." time="0.003651749">
        </testcase>
        <testcase classname="L4-api-contract/input-validation.test.ts" name="L4 — Path traversal resistance &gt; new surface traversal: /api/v1/meeting/../../../../etc/passwd..." time="0.003642453">
        </testcase>
        <testcase classname="L4-api-contract/input-validation.test.ts" name="L4 — XSS in stored fields &gt; script tag in vendor name is stored escaped, not executed" time="0.006754698">
        </testcase>
        <testcase classname="L4-api-contract/input-validation.test.ts" name="L4 — Boundary inputs &gt; oversized body (&gt;1MB) → 413 or 400" time="0.019238172">
        </testcase>
        <testcase classname="L4-api-contract/input-validation.test.ts" name="L4 — Boundary inputs &gt; null bytes in string field → rejected" time="0.011215434">
        </testcase>
        <testcase classname="L4-api-contract/input-validation.test.ts" name="L4 — Boundary inputs &gt; unicode normalization: no injection via homoglyph" time="0.007787841">
        </testcase>
        <testcase classname="L4-api-contract/input-validation.test.ts" name="L4 — Idempotency (replay protection) &gt; POST same journal twice with same idempotency data → no duplicate" time="0.018976148">
        </testcase>
        <testcase classname="L4-api-contract/input-validation.test.ts" name="L4 — Concurrency (N-way parallel mutation) &gt; 10 parallel bill submissions → all complete without 500" time="0.039882049">
        </testcase>
    </testsuite>
</testsuites>
