<?xml version="1.0" encoding="UTF-8" ?>
<testsuites name="vitest tests" tests="18" failures="0" errors="0" time="1.003">
    <testsuite name="L6-security/audit-immutability.test.ts" timestamp="2026-07-27T10:17:42.019Z" hostname="ip-10-0-1-222.ap-south-1.compute.internal" tests="5" failures="0" errors="0" skipped="0" time="0.206630048">
        <testcase classname="L6-security/audit-immutability.test.ts" name="L6 — Audit ledger: immutability triggers exist &gt; events table has an immutability trigger" time="0.024686134">
        </testcase>
        <testcase classname="L6-security/audit-immutability.test.ts" name="L6 — Audit ledger: immutability triggers exist &gt; events table has a no-truncate trigger" time="0.022511836">
        </testcase>
        <testcase classname="L6-security/audit-immutability.test.ts" name="L6 — Audit ledger: UPDATE is rejected &gt; UPDATE on a real audit row is rejected by the append-only trigger" time="0.066868889">
        </testcase>
        <testcase classname="L6-security/audit-immutability.test.ts" name="L6 — Audit ledger: DELETE is rejected &gt; DELETE on a real audit row is rejected by the append-only trigger" time="0.067222752">
        </testcase>
        <testcase classname="L6-security/audit-immutability.test.ts" name="L6 — Audit ledger: TRUNCATE is rejected &gt; TRUNCATE on events is blocked" time="0.023248453">
        </testcase>
    </testsuite>
    <testsuite name="L6-security/crypto-audit.test.ts" timestamp="2026-07-27T10:17:42.022Z" hostname="ip-10-0-1-222.ap-south-1.compute.internal" tests="13" failures="0" errors="0" skipped="0" time="0.621647752">
        <testcase classname="L6-security/crypto-audit.test.ts" name="L6 — AES-256-GCM: IV uniqueness (no reuse) &gt; 100 encryptions of the same plaintext produce 100 distinct ciphertexts" time="0.057424052">
        </testcase>
        <testcase classname="L6-security/crypto-audit.test.ts" name="L6 — AES-256-GCM: IV uniqueness (no reuse) &gt; IV segment differs across encryptions" time="0.047088038">
        </testcase>
        <testcase classname="L6-security/crypto-audit.test.ts" name="L6 — AES-256-GCM: Auth tag verification (tamper detection) &gt; flipping one bit in ciphertext → decrypt throws" time="0.044512286">
        </testcase>
        <testcase classname="L6-security/crypto-audit.test.ts" name="L6 — AES-256-GCM: Auth tag verification (tamper detection) &gt; modifying the auth tag → decrypt throws" time="0.043734824">
        </testcase>
        <testcase classname="L6-security/crypto-audit.test.ts" name="L6 — AES-256-GCM: Auth tag verification (tamper detection) &gt; truncated ciphertext → decrypt throws (no partial plaintext)" time="0.043737441">
        </testcase>
        <testcase classname="L6-security/crypto-audit.test.ts" name="L6 — Fail-closed: no silent pass-through &gt; missing PII_ENC_KEY → encrypt throws (never stores plaintext)" time="0.000478163">
        </testcase>
        <testcase classname="L6-security/crypto-audit.test.ts" name="L6 — Fail-closed: no silent pass-through &gt; short PII_ENC_KEY (&lt;16 chars) → throws" time="0.000350991">
        </testcase>
        <testcase classname="L6-security/crypto-audit.test.ts" name="L6 — Fail-closed: no silent pass-through &gt; wrong key → decrypt throws (does NOT return garbage)" time="0.086744354">
        </testcase>
        <testcase classname="L6-security/crypto-audit.test.ts" name="L6 — No plaintext leakage &gt; ciphertext does not contain the plaintext" time="0.043697195">
        </testcase>
        <testcase classname="L6-security/crypto-audit.test.ts" name="L6 — No plaintext leakage &gt; round-trip preserves exact value" time="0.043600153">
        </testcase>
        <testcase classname="L6-security/crypto-audit.test.ts" name="L6 — Envelope format &gt; ciphertext uses enc:v2: prefix with key id" time="0.043478963">
        </testcase>
        <testcase classname="L6-security/crypto-audit.test.ts" name="L6 — Envelope format &gt; isEncrypted correctly identifies envelopes" time="0.043170483">
        </testcase>
        <testcase classname="L6-security/crypto-audit.test.ts" name="L6 — Envelope format &gt; legacy plaintext passes through on read (backfill safety)" time="0.000552066">
        </testcase>
    </testsuite>
</testsuites>
