<?xml version="1.0" encoding="UTF-8" ?>
<testsuites name="vitest tests" tests="10" failures="0" errors="0" time="2.452">
    <testsuite name="L7-reliability/dependency-honesty.test.ts" timestamp="2026-07-27T05:01:18.586Z" hostname="ip-10-0-1-222.ap-south-1.compute.internal" tests="10" failures="0" errors="0" skipped="0" time="2.025743669">
        <testcase classname="L7-reliability/dependency-honesty.test.ts" name="L7 — Health endpoints report honest status &gt; gateway /health returns a real status object" time="0.057317409">
        </testcase>
        <testcase classname="L7-reliability/dependency-honesty.test.ts" name="L7 — Health endpoints report honest status &gt; unreachable upstream → 502/503, never a fabricated 200" time="0.011156554">
        </testcase>
        <testcase classname="L7-reliability/dependency-honesty.test.ts" name="L7 — Read-path latency SLO (p95 &lt; 200ms) &gt; /api/v1/finance/bills: p95 latency under 500ms over 20 requests" time="0.149720123">
        </testcase>
        <testcase classname="L7-reliability/dependency-honesty.test.ts" name="L7 — Read-path latency SLO (p95 &lt; 200ms) &gt; /api/v1/finance/sanctions: p95 latency under 500ms over 20 requests" time="0.20816766">
        </testcase>
        <testcase classname="L7-reliability/dependency-honesty.test.ts" name="L7 — Read-path latency SLO (p95 &lt; 200ms) &gt; /api/v1/hrms/employees: p95 latency under 500ms over 20 requests" time="0.151324122">
        </testcase>
        <testcase classname="L7-reliability/dependency-honesty.test.ts" name="L7 — Read-path latency SLO (p95 &lt; 200ms) &gt; /api/v1/procurement/vendors: p95 latency under 500ms over 20 requests" time="0.179134759">
        </testcase>
        <testcase classname="L7-reliability/dependency-honesty.test.ts" name="L7 — No 5xx under sustained read load &gt; 50 sequential reads produce zero 500s" time="0.26705734">
        </testcase>
        <testcase classname="L7-reliability/dependency-honesty.test.ts" name="L7 — No 5xx under sustained read load &gt; 20 concurrent reads produce zero 500s" time="0.128938966">
        </testcase>
        <testcase classname="L7-reliability/dependency-honesty.test.ts" name="L7 — Graceful degradation (cache miss does not 500) &gt; repeated reads with cache-busting params still succeed" time="0.052810495">
        </testcase>
        <testcase classname="L7-reliability/dependency-honesty.test.ts" name="L7 — Rate limiting is enforced (noisy-neighbor protection) &gt; burst of 150 requests triggers rate limiting or completes cleanly" time="0.693646697">
        </testcase>
    </testsuite>
</testsuites>
